   0: 00002197
   1: 1ac18193
   2: 80c18513
   3: 82818613
   4: 40a60633
   5: 00000593
   6: 2a4000ef
   7: 00000517
   8: 18c50513
   9: 13c000ef
  10: 1f4000ef
  11: 00012503
  12: 00410593
  13: 00000613
  14: 100000ef
  15: 1380006f
  16: 00008067
  17: 00012537
  18: 000127b7
  19: a2050713
  20: a2078793
  21: 00e78c63
  22: 00000337
  23: 00030313
  24: 00030663
  25: a2050513
  26: 00030067
  27: 00008067
  28: 000127b7
  29: 00012537
  30: a2078593
  31: a2050793
  32: 40f585b3
  33: 4025d593
  34: 00200793
  35: 02f5c5b3
  36: 00058c63
  37: 00000337
  38: 00030313
  39: 00030663
  40: a2050513
  41: 00030067
  42: 00008067
  43: 80c1c703
  44: 04071663
  45: ff010113
  46: 00812423
  47: 00112623
  48: 00078413
  49: f81ff0ef
  50: 000007b7
  51: 00078793
  52: 00078a63
  53: 00011537
  54: 5e850513
  55: ffff0097
  56: eb0080e7
  57: 00100793
  58: 80f18623
  59: 00c12083
  60: 00812403
  61: 01010113
  62: 00008067
  63: 00008067
  64: 000007b7
  65: 00078793
  66: 02078663
  67: 000125b7
  68: 00011537
  69: ff010113
  70: a3058593
  71: 5e850513
  72: 00112623
  73: ffff0097
  74: e68080e7
  75: 00c12083
  76: 01010113
  77: f3dff06f
  78: fe010113
  79: 00812e23
  80: 02010413
  81: 01e00793
  82: fef42623
  83: 00000793
  84: 00078513
  85: 01c12403
  86: 02010113
  87: 00008067
  88: 00050593
  89: 00000693
  90: 00000613
  91: 00000513
  92: 2280006f
  93: ff010113
  94: 00000593
  95: 00812423
  96: 00112623
  97: 00050413
  98: 290000ef
  99: 000127b7
 100: a247a503
 101: 03c52783
 102: 00078463
 103: 000780e7
 104: 00040513
 105: 384000ef
 106: fe010113
 107: 000117b7
 108: 00011737
 109: 00812c23
 110: 5f070713
 111: 5f478413
 112: 40e40433
 113: 00912a23
 114: 01212823
 115: 01312623
 116: 00112e23
 117: 40245413
 118: 00000493
 119: 5f478913
 120: ffc00993
 121: 02941063
 122: 01812403
 123: 01c12083
 124: 01412483
 125: 01012903
 126: 00c12983
 127: 02010113
 128: e41ff06f
 129: 033487b3
 130: 00148493
 131: 00f907b3
 132: ffc7a783
 133: 000780e7
 134: fcdff06f
 135: ff010113
 136: 00812423
 137: 00912223
 138: 00011437
 139: 000114b7
 140: 5ec48793
 141: 5ec40413
 142: 40f40433
 143: 01212023
 144: 00112623
 145: 40245413
 146: 5ec48493
 147: 00000913
 148: 04891263
 149: 000114b7
 150: de9ff0ef
 151: 00011437
 152: 5ec48793
 153: 5f040413
 154: 40f40433
 155: 40245413
 156: 5ec48493
 157: 00000913
 158: 02891863
 159: 00c12083
 160: 00812403
 161: 00412483
 162: 00012903
 163: 01010113
 164: 00008067
 165: 0004a783
 166: 00190913
 167: 00448493
 168: 000780e7
 169: fadff06f
 170: 0004a783
 171: 00190913
 172: 00448493
 173: 000780e7
 174: fc1ff06f
 175: 00f00313
 176: 00050713
 177: 02c37e63
 178: 00f77793
 179: 0a079063
 180: 08059263
 181: ff067693
 182: 00f67613
 183: 00e686b3
 184: 00b72023
 185: 00b72223
 186: 00b72423
 187: 00b72623
 188: 01070713
 189: fed766e3
 190: 00061463
 191: 00008067
 192: 40c306b3
 193: 00269693
 194: 00000297
 195: 005686b3
 196: 00c68067
 197: 00b70723
 198: 00b706a3
 199: 00b70623
 200: 00b705a3
 201: 00b70523
 202: 00b704a3
 203: 00b70423
 204: 00b703a3
 205: 00b70323
 206: 00b702a3
 207: 00b70223
 208: 00b701a3
 209: 00b70123
 210: 00b700a3
 211: 00b70023
 212: 00008067
 213: 0ff5f593
 214: 00859693
 215: 00d5e5b3
 216: 01059693
 217: 00d5e5b3
 218: f6dff06f
 219: 00279693
 220: 00000297
 221: 005686b3
 222: 00008293
 223: fa0680e7
 224: 00028093
 225: ff078793
 226: 40f70733
 227: 00f60633
 228: f6c378e3
 229: f3dff06f
 230: 000127b7
 231: a247a703
 232: 00050313
 233: 14872783
 234: 00079663
 235: 14c70793
 236: 14f72423
 237: 0047a703
 238: 01f00813
 239: fff00513
 240: 04e84a63
 241: 00271893
 242: 02030c63
 243: 01178533
 244: 08c52423
 245: 1887a803
 246: 00100613
 247: 00e61633
 248: 00c86833
 249: 1907a423
 250: 10d52423
 251: 00200693
 252: 00d31863
 253: 18c7a683
 254: 00c6e633
 255: 18c7a623
 256: 00170713
 257: 00e7a223
 258: 011787b3
 259: 00b7a423
 260: 00000513
 261: 00008067
 262: fd010113
 263: 000127b7
 264: 01312e23
 265: a247a983
 266: 01412c23
 267: 01512a23
 268: 01612823
 269: 02112623
 270: 02812423
 271: 02912223
 272: 03212023
 273: 01712623
 274: 00050a93
 275: 00058a13
 276: 00100b13
 277: 1489a483
 278: 00048c63
 279: 0044a403
 280: fff40913
 281: 00241413
 282: 00848433
 283: 02095863
 284: 02c12083
 285: 02812403
 286: 02412483
 287: 02012903
 288: 01c12983
 289: 01812a03
 290: 01412a83
 291: 01012b03
 292: 00c12b83
 293: 03010113
 294: 00008067
 295: 000a0c63
 296: 10442783
 297: 01478863
 298: fff90913
 299: ffc40413
 300: fbdff06f
 301: 0044a703
 302: 00442783
 303: fff70713
 304: 03271c63
 305: 0124a223
 306: fe0780e3
 307: 1884a683
 308: 012b1733
 309: 0044ab83
 310: 00d776b3
 311: 02069263
 312: 000780e7
 313: 0044a703
 314: 1489a783
 315: f77714e3
 316: faf48ce3
 317: f61ff06f
 318: 00042223
 319: fcdff06f
 320: 18c4a683
 321: 08442583
 322: 00d77733
 323: 00071863
 324: 000a8513
 325: 000780e7
 326: fcdff06f
 327: 00058513
 328: 000780e7
 329: fc1ff06f
 330: 00000593
 331: 00000613
 332: 00000693
 333: 00000713
 334: 00000793
 335: 05d00893
 336: 00000073
 337: 02055263
 338: ff010113
 339: 00812423
 340: 00050413
 341: 00112623
 342: 40800433
 343: 010000ef
 344: 00852023
 345: 0000006f
 346: 0000006f
 347: 8081a503
 348: 00008067
 349: 00000000
 350: 00000000
 351: 00000000
 352: 00000000
 353: 00000000
 354: 00000000
 355: 00000000
 356: 00000000
 357: 00000000
 358: 00000000
 359: 00000000
 360: 00000000
 361: 00000000
 362: 00000000
 363: 00000000
 364: 00000000
 365: 00000000
 366: 00000000
 367: 00000000
 368: 00000000
 369: 00000000
 370: 00000000
 371: 00000000
 372: 00000000
 373: 00000000
 374: 00000000
 375: 00000000
 376: 00000000
 377: 00000000
 378: 00000000
 379: 00000000
 380: 00000000
 381: 00000000
 382: 00000000
 383: 00000000
 384: 00000000
 385: 00000000
 386: 00000000
 387: 00000000
 388: 00000000
 389: 00000000
 390: 00000000
 391: 00000000
 392: 00000000
 393: 00000000
 394: 00000000
 395: 00000000
 396: 00000000
 397: 00000000
 398: 00000000
 399: 00000000
 400: 00000000
 401: 00000000
 402: 00000000
 403: 00000000
 404: 00000000
 405: 00000000
 406: 00000000
 407: 00000000
 408: 00000000
 409: 00000000
 410: 00000000
 411: 00000000
 412: 00000000
 413: 00000000
 414: 00000000
 415: 00000000
 416: 00000000
 417: 00000000
 418: 00000000
 419: 00000000
 420: 00000000
 421: 00000000
 422: 00000000
 423: 00000000
 424: 00000000
 425: 00000000
 426: 00000000
 427: 00000000
 428: 00000000
 429: 00000000
 430: 00000000
 431: 00000000
 432: 00000000
 433: 00000000
 434: 00000000
 435: 00000000
 436: 00000000
 437: 00000000
 438: 00000000
 439: 00000000
 440: 00000000
 441: 00000000
 442: 00000000
 443: 00000000
 444: 00000000
 445: 00000000
 446: 00000000
 447: 00000000
 448: 00000000
 449: 00000000
 450: 00000000
 451: 00000000
 452: 00000000
 453: 00000000
 454: 00000000
 455: 00000000
 456: 00000000
 457: 00000000
 458: 00000000
 459: 00000000
 460: 00000000
 461: 00000000
 462: 00000000
 463: 00000000
 464: 00000000
 465: 00000000
 466: 00000000
 467: 00000000
 468: 00000000
 469: 00000000
 470: 00000000
 471: 00000000
 472: 00000000
 473: 00000000
 474: 00000000
 475: 00000000
 476: 00000000
 477: 00000000
 478: 00000000
 479: 00000000
 480: 00000000
 481: 00000000
 482: 00000000
 483: 00000000
 484: 00000000
 485: 00000000
 486: 00000000
 487: 00000000
 488: 00000000
 489: 00000000
 490: 00000000
 491: 00000000
 492: 00000000
 493: 00000000
 494: 00000000
 495: 00000000
 496: 00000000
 497: 00000000
 498: 00000000
 499: 00000000
 500: 00000000
 501: 00000000
 502: 00000000
 503: 00000000
 504: 00000000
 505: 00000000
 506: 00000000
 507: 00000000
 508: 00000000
 509: 00000000
 510: 00000000
 511: 00000000
 512: 00000000
 513: 00000000
 514: 00000000
 515: 00000000
 516: 00000000
 517: 00000000
 518: 00000000
 519: 00000000
 520: 00000000
 521: 00000000
 522: 00000000
 523: 00000000
 524: 00000000
 525: 00000000
 526: 00000000
 527: 00000000
 528: 00000000
 529: 00000000
 530: 00000000
 531: 00000000
 532: 00000000
 533: 00000000
 534: 00000000
 535: 00000000
 536: 00000000
 537: 00000000
 538: 00000000
 539: 00000000
 540: 00000000
 541: 00000000
 542: 00000000
 543: 00000000
 544: 00000000
 545: 00000000
 546: 00000000
 547: 00000000
 548: 00000000
 549: 00000000
 550: 00000000
 551: 00000000
 552: 00000000
 553: 00000000
 554: 00000000
 555: 00000000
 556: 00000000
 557: 00000000
 558: 00000000
 559: 00000000
 560: 00000000
 561: 00000000
 562: 00000000
 563: 00000000
 564: 00000000
 565: 00000000
 566: 00000000
 567: 00000000
 568: 00000000
 569: 00000000
 570: 00000000
 571: 00000000
 572: 00000000
 573: 00000000
 574: 00000000
 575: 00000000
 576: 00000000
 577: 00000000
 578: 00000000
 579: 00000000
 580: 00000000
 581: 00000000
 582: 00000000
 583: 00000000
 584: 00000000
 585: 00000000
 586: 00000000
 587: 00000000
 588: 00000000
 589: 00000000
 590: 00000000
 591: 00000000
 592: 00000000
 593: 00000000
 594: 00000000
 595: 00000000
 596: 00000000
 597: 00000000
 598: 00000000
 599: 00000000
 600: 00000000
 601: 00000000
 602: 00000000
 603: 00000000
 604: 00000000
 605: 00000000
 606: 00000000
 607: 00000000
 608: 00000000
 609: 00000000
 610: 00000000
 611: 00000000
 612: 00000000
 613: 00000000
 614: 00000000
 615: 00000000
 616: 00000000
 617: 00000000
 618: 00000000
 619: 00000000
 620: 00000000
 621: 00000000
 622: 00000000
 623: 00000000
 624: 00000000
 625: 00000000
 626: 00000000
 627: 00000000
 628: 00000000
 629: 00000000
 630: 00000000
 631: 00000000
 632: 00000000
 633: 00000000
 634: 00000000
 635: 00000000
 636: 00000000
 637: 00000000
 638: 00000000
 639: 00000000
 640: 00000000
 641: 00000000
 642: 00000000
 643: 00000000
 644: 00000000
 645: 00000000
 646: 00000000
 647: 00000000
 648: 00000000
 649: 00000000
 650: 00000000
 651: 00000000
 652: 00000000
 653: 00000000
 654: 00000000
 655: 00000000
 656: 00000000
 657: 00000000
 658: 00000000
 659: 00000000
 660: 00000000
 661: 00000000
 662: 00000000
 663: 00000000
 664: 00000000
 665: 00000000
 666: 00000000
 667: 00000000
 668: 00000000
 669: 00000000
 670: 00000000
 671: 00000000
 672: 00000000
 673: 00000000
 674: 00000000
 675: 00000000
 676: 00000000
 677: 00000000
 678: 00000000
 679: 00000000
 680: 00000000
 681: 00000000
 682: 00000000
 683: 00000000
 684: 00000000
 685: 00000000
 686: 00000000
 687: 00000000
 688: 00000000
 689: 00000000
 690: 00000000
 691: 00000000
 692: 00000000
 693: 00000000
 694: 00000000
 695: 00000000
 696: 00000000
 697: 00000000
 698: 00000000
 699: 00000000
 700: 00000000
 701: 00000000
 702: 00000000
 703: 00000000
 704: 00000000
 705: 00000000
 706: 00000000
 707: 00000000
 708: 00000000
 709: 00000000
 710: 00000000
 711: 00000000
 712: 00000000
 713: 00000000
 714: 00000000
 715: 00000000
 716: 00000000
 717: 00000000
 718: 00000000
 719: 00000000
 720: 00000000
 721: 00000000
 722: 00000000
 723: 00000000
 724: 00000000
 725: 00000000
 726: 00000000
 727: 00000000
 728: 00000000
 729: 00000000
 730: 00000000
 731: 00000000
 732: 00000000
 733: 00000000
 734: 00000000
 735: 00000000
 736: 00000000
 737: 00000000
 738: 00000000
 739: 00000000
 740: 00000000
 741: 00000000
 742: 00000000
 743: 00000000
 744: 00000000
 745: 00000000
 746: 00000000
 747: 00000000
 748: 00000000
 749: 00000000
 750: 00000000
 751: 00000000
 752: 00000000
 753: 00000000
 754: 00000000
 755: 00000000
 756: 00000000
 757: 00000000
 758: 00000000
 759: 00000000
 760: 00000000
 761: 00000000
 762: 00000000
 763: 00000000
 764: 00000000
 765: 00000000
 766: 00000000
 767: 00000000
 768: 00000000
 769: 00000000
 770: 00000000
 771: 00000000
 772: 00000000
 773: 00000000
 774: 00000000
 775: 00000000
 776: 00000000
 777: 00000000
 778: 00000000
 779: 00000000
 780: 00000000
 781: 00000000
 782: 00000000
 783: 00000000
 784: 00000000
 785: 00000000
 786: 00000000
 787: 00000000
 788: 00000000
 789: 00000000
 790: 00000000
 791: 00000000
 792: 00000000
 793: 00000000
 794: 00000000
 795: 00000000
 796: 00000000
 797: 00000000
 798: 00000000
 799: 00000000
 800: 00000000
 801: 00000000
 802: 00000000
 803: 00000000
 804: 00000000
 805: 00000000
 806: 00000000
 807: 00000000
 808: 00000000
 809: 00000000
 810: 00000000
 811: 00000000
 812: 00000000
 813: 00000000
 814: 00000000
 815: 00000000
 816: 00000000
 817: 00000000
 818: 00000000
 819: 00000000
 820: 00000000
 821: 00000000
 822: 00000000
 823: 00000000
 824: 00000000
 825: 00000000
 826: 00000000
 827: 00000000
 828: 00000000
 829: 00000000
 830: 00000000
 831: 00000000
 832: 00000000
 833: 00000000
 834: 00000000
 835: 00000000
 836: 00000000
 837: 00000000
 838: 00000000
 839: 00000000
 840: 00000000
 841: 00000000
 842: 00000000
 843: 00000000
 844: 00000000
 845: 00000000
 846: 00000000
 847: 00000000
 848: 00000000
 849: 00000000
 850: 00000000
 851: 00000000
 852: 00000000
 853: 00000000
 854: 00000000
 855: 00000000
 856: 00000000
 857: 00000000
 858: 00000000
 859: 00000000
 860: 00000000
 861: 00000000
 862: 00000000
 863: 00000000
 864: 00000000
 865: 00000000
 866: 00000000
 867: 00000000
 868: 00000000
 869: 00000000
 870: 00000000
 871: 00000000
 872: 00000000
 873: 00000000
 874: 00000000
 875: 00000000
 876: 00000000
 877: 00000000
 878: 00000000
 879: 00000000
 880: 00000000
 881: 00000000
 882: 00000000
 883: 00000000
 884: 00000000
 885: 00000000
 886: 00000000
 887: 00000000
 888: 00000000
 889: 00000000
 890: 00000000
 891: 00000000
 892: 00000000
 893: 00000000
 894: 00000000
 895: 00000000
 896: 00000000
 897: 00000000
 898: 00000000
 899: 00000000
 900: 00000000
 901: 00000000
 902: 00000000
 903: 00000000
 904: 00000000
 905: 00000000
 906: 00000000
 907: 00000000
 908: 00000000
 909: 00000000
 910: 00000000
 911: 00000000
 912: 00000000
 913: 00000000
 914: 00000000
 915: 00000000
 916: 00000000
 917: 00000000
 918: 00000000
 919: 00000000
 920: 00000000
 921: 00000000
 922: 00000000
 923: 00000000
 924: 00000000
 925: 00000000
 926: 00000000
 927: 00000000
 928: 00000000
 929: 00000000
 930: 00000000
 931: 00000000
 932: 00000000
 933: 00000000
 934: 00000000
 935: 00000000
 936: 00000000
 937: 00000000
 938: 00000000
 939: 00000000
 940: 00000000
 941: 00000000
 942: 00000000
 943: 00000000
 944: 00000000
 945: 00000000
 946: 00000000
 947: 00000000
 948: 00000000
 949: 00000000
 950: 00000000
 951: 00000000
 952: 00000000
 953: 00000000
 954: 00000000
 955: 00000000
 956: 00000000
 957: 00000000
 958: 00000000
 959: 00000000
 960: 00000000
 961: 00000000
 962: 00000000
 963: 00000000
 964: 00000000
 965: 00000000
 966: 00000000
 967: 00000000
 968: 00000000
 969: 00000000
 970: 00000000
 971: 00000000
 972: 00000000
 973: 00000000
 974: 00000000
 975: 00000000
 976: 00000000
 977: 00000000
 978: 00000000
 979: 00000000
 980: 00000000
 981: 00000000
 982: 00000000
 983: 00000000
 984: 00000000
 985: 00000000
 986: 00000000
 987: 00000000
 988: 00000000
 989: 00000000
 990: 00000000
 991: 00000000
 992: 00000000
 993: 00000000
 994: 00000000
 995: 00000000
 996: 00000000
 997: 00000000
 998: 00000000
 999: 00000000
1000: 00000000
1001: 00000000
1002: 00000000
1003: 00000000
1004: 00000000
1005: 00000000
1006: 00000000
1007: 00000000
1008: 00000000
1009: 00000000
1010: 00000000
1011: 00000000
1012: 00000000
1013: 00000000
1014: 00000000
1015: 00000000
1016: 00000000
1017: 00000000
1018: 00000000
1019: 00000000
1020: 00000000
1021: 00000000
1022: 00000000
1023: 00000000
1024: 00000000
1025: 00000000
1026: 00000000
1027: 00000000
1028: 00000000
1029: 00000000
1030: 00000000
1031: 00000000
1032: 00000000
1033: 00000000
1034: 00000000
1035: 00000000
1036: 00000000
1037: 00000000
1038: 00000000
1039: 00000000
1040: 00000000
1041: 00000000
1042: 00000000
1043: 00000000
1044: 00000000
1045: 00000000
1046: 00000000
1047: 00000000
1048: 00000000
1049: 00000000
1050: 00000000
1051: 00000000
1052: 00000000
1053: 00000000
1054: 00000000
1055: 00000000
1056: 00000000
1057: 00000000
1058: 00000000
1059: 00000000
1060: 00000000
1061: 00000000
1062: 00000000
1063: 00000000
1064: 00000000
1065: 00000000
1066: 00000000
1067: 00000000
1068: 00000000
1069: 00000000
1070: 00000000
1071: 00000000
1072: 00000000
1073: 00000000
1074: 00000000
1075: 00000000
1076: 00000000
1077: 00000000
1078: 00000000
1079: 00000000
1080: 00000000
1081: 00000000
1082: 00000000
1083: 00000000
1084: 00000000
1085: 00000000
1086: 00000000
1087: 00000000
1088: 00000000
1089: 00000000
1090: 00000000
1091: 00000000
1092: 00000000
1093: 00000000
1094: 00000000
1095: 00000000
1096: 00000000
1097: 00000000
1098: 00000000
1099: 00000000
1100: 00000000
1101: 00000000
1102: 00000000
1103: 00000000
1104: 00000000
1105: 00000000
1106: 00000000
1107: 00000000
1108: 00000000
1109: 00000000
1110: 00000000
1111: 00000000
1112: 00000000
1113: 00000000
1114: 00000000
1115: 00000000
1116: 00000000
1117: 00000000
1118: 00000000
1119: 00000000
1120: 00000000
1121: 00000000
1122: 00000000
1123: 00000000
1124: 00000000
1125: 00000000
1126: 00000000
1127: 00000000
1128: 00000000
1129: 00000000
1130: 00000000
1131: 00000000
1132: 00000000
1133: 00000000
1134: 00000000
1135: 00000000
1136: 00000000
1137: 00000000
1138: 00000000
1139: 00000000
1140: 00000000
1141: 00000000
1142: 00000000
1143: 00000000
1144: 00000000
1145: 00000000
1146: 00000000
1147: 00000000
1148: 00000000
1149: 00000000
1150: 00000000
1151: 00000000
1152: 00000000
1153: 00000000
1154: 00000000
1155: 00000000
1156: 00000000
1157: 00000000
1158: 00000000
1159: 00000000
1160: 00000000
1161: 00000000
1162: 00000000
1163: 00000000
1164: 00000000
1165: 00000000
1166: 00000000
1167: 00000000
1168: 00000000
1169: 00000000
1170: 00000000
1171: 00000000
1172: 00000000
1173: 00000000
1174: 00000000
1175: 00000000
1176: 00000000
1177: 00000000
1178: 00000000
1179: 00000000
1180: 00000000
1181: 00000000
1182: 00000000
1183: 00000000
1184: 00000000
1185: 00000000
1186: 00000000
1187: 00000000
1188: 00000000
1189: 00000000
1190: 00000000
1191: 00000000
1192: 00000000
1193: 00000000
1194: 00000000
1195: 00000000
1196: 00000000
1197: 00000000
1198: 00000000
1199: 00000000
1200: 00000000
1201: 00000000
1202: 00000000
1203: 00000000
1204: 00000000
1205: 00000000
1206: 00000000
1207: 00000000
1208: 00000000
1209: 00000000
1210: 00000000
1211: 00000000
1212: 00000000
1213: 00000000
1214: 00000000
1215: 00000000
1216: 00000000
1217: 00000000
1218: 00000000
1219: 00000000
1220: 00000000
1221: 00000000
1222: 00000000
1223: 00000000
1224: 00000000
1225: 00000000
1226: 00000000
1227: 00000000
1228: 00000000
1229: 00000000
1230: 00000000
1231: 00000000
1232: 00000000
1233: 00000000
1234: 00000000
1235: 00000000
1236: 00000000
1237: 00000000
1238: 00000000
1239: 00000000
1240: 00000000
1241: 00000000
1242: 00000000
1243: 00000000
1244: 00000000
1245: 00000000
1246: 00000000
1247: 00000000
1248: 00000000
1249: 00000000
1250: 00000000
1251: 00000000
1252: 00000000
1253: 00000000
1254: 00000000
1255: 00000000
1256: 00000000
1257: 00000000
1258: 00000000
1259: 00000000
1260: 00000000
1261: 00000000
1262: 00000000
1263: 00000000
1264: 00000000
1265: 00000000
1266: 00000000
1267: 00000000
1268: 00000000
1269: 00000000
1270: 00000000
1271: 00000000
1272: 00000000
1273: 00000000
1274: 00000000
1275: 00000000
1276: 00000000
1277: 00000000
1278: 00000000
1279: 00000000
1280: 00000000
1281: 00000000
1282: 00000000
1283: 00000000
1284: 00000000
1285: 00000000
1286: 00000000
1287: 00000000
1288: 00000000
1289: 00000000
1290: 00000000
1291: 00000000
1292: 00000000
1293: 00000000
1294: 00000000
1295: 00000000
1296: 00000000
1297: 00000000
1298: 00000000
1299: 00000000
1300: 00000000
1301: 00000000
1302: 00000000
1303: 00000000
1304: 00000000
1305: 00000000
1306: 00000000
1307: 00000000
1308: 00000000
1309: 00000000
1310: 00000000
1311: 00000000
1312: 00000000
1313: 00000000
1314: 00000000
1315: 00000000
1316: 00000000
1317: 00000000
1318: 00000000
1319: 00000000
1320: 00000000
1321: 00000000
1322: 00000000
1323: 00000000
1324: 00000000
1325: 00000000
1326: 00000000
1327: 00000000
1328: 00000000
1329: 00000000
1330: 00000000
1331: 00000000
1332: 00000000
1333: 00000000
1334: 00000000
1335: 00000000
1336: 00000000
1337: 00000000
1338: 00000000
1339: 00000000
1340: 00000000
1341: 00000000
1342: 00000000
1343: 00000000
1344: 00000000
1345: 00000000
1346: 00000000
1347: 00000000
1348: 00000000
1349: 00000000
1350: 00000000
1351: 00000000
1352: 00000000
1353: 00000000
1354: 00000000
1355: 00000000
1356: 00000000
1357: 00000000
1358: 00000000
1359: 00000000
1360: 00000000
1361: 00000000
1362: 00000000
1363: 00000000
1364: 00000000
1365: 00000000
1366: 00000000
1367: 00000000
1368: 00000000
1369: 00000000
1370: 00000000
1371: 00000000
1372: 00000000
1373: 00000000
1374: 00010174
1375: 00010120
1376: 00000000
1377: 00000000
1378: 000118e4
1379: 0001194c
1380: 000119b4
1381: 00000000
1382: 00000000
1383: 00000000
1384: 00000000
1385: 00000000
1386: 00000000
1387: 00000000
1388: 00000000
1389: 00000000
1390: 00000000
1391: 00000000
1392: 00000000
1393: 00000000
1394: 00000000
1395: 00000000
1396: 00000000
1397: 00000000
1398: 00000000
1399: 00000000
1400: 00000000
1401: 00000000
1402: 00000000
1403: 00000000
1404: 00000000
1405: 00000000
1406: 00000000
1407: 00000000
1408: 00000000
1409: 00000000
1410: 00000000
1411: 00000000
1412: 00000000
1413: 00000000
1414: 00000000
1415: 00000000
1416: 00000000
1417: 00000000
1418: 00000000
1419: 00000001
1420: 00000000
1421: abcd330e
1422: e66d1234
1423: 0005deec
1424: 0000000b
1425: 00000000
1426: 00000000
1427: 00000000
1428: 00000000
1429: 00000000
1430: 00000000
1431: 00000000
1432: 00000000
1433: 00000000
1434: 00000000
1435: 00000000
1436: 00000000
1437: 00000000
1438: 00000000
1439: 00000000
1440: 00000000
1441: 00000000
1442: 00000000
1443: 00000000
1444: 00000000
1445: 00000000
1446: 00000000
1447: 00000000
1448: 00000000
1449: 00000000
1450: 00000000
1451: 00000000
1452: 00000000
1453: 00000000
1454: 00000000
1455: 00000000
1456: 00000000
1457: 00000000
1458: 00000000
1459: 00000000
1460: 00000000
1461: 00000000
1462: 00000000
1463: 00000000
1464: 00000000
1465: 00000000
1466: 00000000
1467: 00000000
1468: 00000000
1469: 00000000
1470: 00000000
1471: 00000000
1472: 00000000
1473: 00000000
1474: 00000000
1475: 00000000
1476: 00000000
1477: 00000000
1478: 00000000
1479: 00000000
1480: 00000000
1481: 00000000
1482: 00000000
1483: 00000000
1484: 00000000
1485: 00000000
1486: 00000000
1487: 00000000
1488: 00000000
1489: 00000000
1490: 00000000
1491: 00000000
1492: 00000000
1493: 00000000
1494: 00000000
1495: 00000000
1496: 00000000
1497: 00000000
1498: 00000000
1499: 00000000
1500: 00000000
1501: 00000000
1502: 00000000
1503: 00000000
1504: 00000000
1505: 00000000
1506: 00000000
1507: 00000000
1508: 00000000
1509: 00000000
1510: 00000000
1511: 00000000
1512: 00000000
1513: 00000000
1514: 00000000
1515: 00000000
1516: 00000000
1517: 00000000
1518: 00000000
1519: 00000000
1520: 00000000
1521: 00000000
1522: 00000000
1523: 00000000
1524: 00000000
1525: 00000000
1526: 00000000
1527: 00000000
1528: 00000000
1529: 00000000
1530: 00000000
1531: 00000000
1532: 00000000
1533: 00000000
1534: 00000000
1535: 00000000
1536: 00000000
1537: 00000000
1538: 00000000
1539: 00000000
1540: 00000000
1541: 00000000
1542: 00000000
1543: 00000000
1544: 00000000
1545: 00000000
1546: 00000000
1547: 00000000
1548: 00000000
1549: 00000000
1550: 00000000
1551: 00000000
1552: 00000000
1553: 00000000
1554: 00000000
1555: 00000000
1556: 00000000
1557: 00000000
1558: 00000000
1559: 00000000
1560: 00000000
1561: 00000000
1562: 00000000
1563: 00000000
1564: 00000000
1565: 00000000
1566: 00000000
1567: 00000000
1568: 00000000
1569: 00000000
1570: 00000000
1571: 00000000
1572: 00000000
1573: 00000000
1574: 00000000
1575: 00000000
1576: 00000000
1577: 00000000
1578: 00000000
1579: 00000000
1580: 00000000
1581: 00000000
1582: 00000000
1583: 00000000
1584: 00000000
1585: 00000000
1586: 00000000
1587: 00000000
1588: 00000000
1589: 00000000
1590: 00000000
1591: 00000000
1592: 00000000
1593: 00000000
1594: 00000000
1595: 00000000
1596: 00000000
1597: 00000000
1598: 00000000
1599: 00000000
1600: 00000000
1601: 00000000
1602: 00000000
1603: 00000000
1604: 00000000
1605: 00000000
1606: 00000000
1607: 00000000
1608: 00000000
1609: 00000000
1610: 00000000
1611: 00000000
1612: 00000000
1613: 00000000
1614: 00000000
1615: 00000000
1616: 00000000
1617: 00000000
1618: 00000000
1619: 00000000
1620: 00000000
1621: 00000000
1622: 00000000
1623: 00000000
1624: 00000000
1625: 00000000
1626: 00000000
1627: 00000000
1628: 00000000
1629: 00000000
1630: 00000000
1631: 00000000
1632: 00000000
1633: 00000000
1634: 00000000
1635: 00000000
1636: 00000000
1637: 00000000
1638: 00000000
1639: 00000000
1640: 00000000
1641: 00000000
1642: 00000000
1643: 00000000
1644: 000115f8
1645: 000115f8
1646: xxxxxxxx
1647: xxxxxxxx
1648: xxxxxxxx
1649: xxxxxxxx
1650: xxxxxxxx
1651: xxxxxxxx
1652: xxxxxxxx
1653: xxxxxxxx
1654: xxxxxxxx
1655: xxxxxxxx
1656: xxxxxxxx
1657: xxxxxxxx
1658: xxxxxxxx
1659: xxxxxxxx
1660: xxxxxxxx
1661: xxxxxxxx
1662: xxxxxxxx
1663: xxxxxxxx
1664: xxxxxxxx
1665: xxxxxxxx
1666: xxxxxxxx
1667: xxxxxxxx
1668: xxxxxxxx
1669: xxxxxxxx
1670: xxxxxxxx
1671: xxxxxxxx
1672: xxxxxxxx
1673: xxxxxxxx
1674: xxxxxxxx
1675: xxxxxxxx
1676: xxxxxxxx
1677: xxxxxxxx
1678: xxxxxxxx
1679: xxxxxxxx
1680: xxxxxxxx
1681: xxxxxxxx
1682: xxxxxxxx
1683: xxxxxxxx
1684: xxxxxxxx
1685: xxxxxxxx
1686: xxxxxxxx
1687: xxxxxxxx
1688: xxxxxxxx
1689: xxxxxxxx
1690: xxxxxxxx
1691: xxxxxxxx
1692: xxxxxxxx
1693: xxxxxxxx
1694: xxxxxxxx
1695: xxxxxxxx
1696: xxxxxxxx
1697: xxxxxxxx
1698: xxxxxxxx
1699: xxxxxxxx
1700: xxxxxxxx
1701: xxxxxxxx
1702: xxxxxxxx
1703: xxxxxxxx
1704: xxxxxxxx
1705: xxxxxxxx
1706: xxxxxxxx
1707: xxxxxxxx
1708: xxxxxxxx
1709: xxxxxxxx
1710: xxxxxxxx
1711: xxxxxxxx
1712: xxxxxxxx
1713: xxxxxxxx
1714: xxxxxxxx
1715: xxxxxxxx
1716: xxxxxxxx
1717: xxxxxxxx
1718: xxxxxxxx
1719: xxxxxxxx
1720: xxxxxxxx
1721: xxxxxxxx
1722: xxxxxxxx
1723: xxxxxxxx
1724: xxxxxxxx
1725: xxxxxxxx
1726: xxxxxxxx
1727: xxxxxxxx
1728: xxxxxxxx
1729: xxxxxxxx
1730: xxxxxxxx
1731: xxxxxxxx
1732: xxxxxxxx
1733: xxxxxxxx
1734: xxxxxxxx
1735: xxxxxxxx
1736: xxxxxxxx
1737: xxxxxxxx
1738: xxxxxxxx
1739: xxxxxxxx
1740: xxxxxxxx
1741: xxxxxxxx
1742: xxxxxxxx
1743: xxxxxxxx
1744: xxxxxxxx
1745: xxxxxxxx
1746: xxxxxxxx
1747: xxxxxxxx
1748: xxxxxxxx
1749: xxxxxxxx
1750: xxxxxxxx
1751: xxxxxxxx
1752: xxxxxxxx
1753: xxxxxxxx
1754: xxxxxxxx
1755: xxxxxxxx
1756: xxxxxxxx
1757: xxxxxxxx
1758: xxxxxxxx
1759: xxxxxxxx
1760: xxxxxxxx
1761: xxxxxxxx
1762: xxxxxxxx
1763: xxxxxxxx
1764: xxxxxxxx
1765: xxxxxxxx
1766: xxxxxxxx
1767: xxxxxxxx
1768: xxxxxxxx
1769: xxxxxxxx
1770: xxxxxxxx
1771: xxxxxxxx
1772: xxxxxxxx
1773: xxxxxxxx
1774: xxxxxxxx
1775: xxxxxxxx
1776: xxxxxxxx
1777: xxxxxxxx
1778: xxxxxxxx
1779: xxxxxxxx
1780: xxxxxxxx
1781: xxxxxxxx
1782: xxxxxxxx
1783: xxxxxxxx
1784: xxxxxxxx
1785: xxxxxxxx
1786: xxxxxxxx
1787: xxxxxxxx
1788: xxxxxxxx
1789: xxxxxxxx
1790: xxxxxxxx
1791: xxxxxxxx
1792: xxxxxxxx
1793: xxxxxxxx
1794: xxxxxxxx
1795: xxxxxxxx
1796: xxxxxxxx
1797: xxxxxxxx
1798: xxxxxxxx
1799: xxxxxxxx
1800: xxxxxxxx
1801: xxxxxxxx
1802: xxxxxxxx
1803: xxxxxxxx
1804: xxxxxxxx
1805: xxxxxxxx
1806: xxxxxxxx
1807: xxxxxxxx
1808: xxxxxxxx
1809: xxxxxxxx
1810: xxxxxxxx
1811: xxxxxxxx
1812: xxxxxxxx
1813: xxxxxxxx
1814: xxxxxxxx
1815: xxxxxxxx
1816: xxxxxxxx
1817: xxxxxxxx
1818: xxxxxxxx
1819: xxxxxxxx
1820: xxxxxxxx
1821: xxxxxxxx
1822: xxxxxxxx
1823: xxxxxxxx
1824: xxxxxxxx
1825: xxxxxxxx
1826: xxxxxxxx
1827: xxxxxxxx
1828: xxxxxxxx
1829: xxxxxxxx
1830: xxxxxxxx
1831: xxxxxxxx
1832: xxxxxxxx
1833: xxxxxxxx
1834: xxxxxxxx
1835: xxxxxxxx
1836: xxxxxxxx
1837: xxxxxxxx
1838: xxxxxxxx
1839: xxxxxxxx
1840: xxxxxxxx
1841: xxxxxxxx
1842: xxxxxxxx
1843: xxxxxxxx
1844: xxxxxxxx
1845: xxxxxxxx
1846: xxxxxxxx
1847: xxxxxxxx
1848: xxxxxxxx
1849: xxxxxxxx
1850: xxxxxxxx
1851: xxxxxxxx
1852: xxxxxxxx
1853: xxxxxxxx
1854: xxxxxxxx
1855: xxxxxxxx
1856: xxxxxxxx
1857: xxxxxxxx
1858: xxxxxxxx
1859: xxxxxxxx
1860: xxxxxxxx
1861: xxxxxxxx
1862: xxxxxxxx
1863: xxxxxxxx
1864: xxxxxxxx
1865: xxxxxxxx
1866: xxxxxxxx
1867: xxxxxxxx
1868: xxxxxxxx
1869: xxxxxxxx
1870: xxxxxxxx
1871: xxxxxxxx
1872: xxxxxxxx
1873: xxxxxxxx
1874: xxxxxxxx
1875: xxxxxxxx
1876: xxxxxxxx
1877: xxxxxxxx
1878: xxxxxxxx
1879: xxxxxxxx
1880: xxxxxxxx
1881: xxxxxxxx
1882: xxxxxxxx
1883: xxxxxxxx
1884: xxxxxxxx
1885: xxxxxxxx
1886: xxxxxxxx
1887: xxxxxxxx
1888: xxxxxxxx
1889: xxxxxxxx
1890: xxxxxxxx
1891: xxxxxxxx
1892: xxxxxxxx
1893: xxxxxxxx
1894: xxxxxxxx
1895: xxxxxxxx
1896: xxxxxxxx
1897: xxxxxxxx
1898: xxxxxxxx
1899: xxxxxxxx
1900: xxxxxxxx
1901: xxxxxxxx
1902: xxxxxxxx
1903: xxxxxxxx
1904: xxxxxxxx
1905: xxxxxxxx
1906: xxxxxxxx
1907: xxxxxxxx
1908: xxxxxxxx
1909: xxxxxxxx
1910: xxxxxxxx
1911: xxxxxxxx
1912: xxxxxxxx
1913: xxxxxxxx
1914: xxxxxxxx
1915: xxxxxxxx
1916: xxxxxxxx
1917: xxxxxxxx
1918: xxxxxxxx
1919: xxxxxxxx
1920: xxxxxxxx
1921: xxxxxxxx
1922: xxxxxxxx
1923: xxxxxxxx
1924: xxxxxxxx
1925: xxxxxxxx
1926: xxxxxxxx
1927: xxxxxxxx
1928: xxxxxxxx
1929: xxxxxxxx
1930: xxxxxxxx
1931: xxxxxxxx
1932: xxxxxxxx
1933: xxxxxxxx
1934: xxxxxxxx
1935: xxxxxxxx
1936: xxxxxxxx
1937: xxxxxxxx
1938: xxxxxxxx
1939: xxxxxxxx
1940: xxxxxxxx
1941: xxxxxxxx
1942: xxxxxxxx
1943: xxxxxxxx
1944: xxxxxxxx
1945: xxxxxxxx
1946: xxxxxxxx
1947: xxxxxxxx
1948: xxxxxxxx
1949: xxxxxxxx
1950: xxxxxxxx
1951: xxxxxxxx
1952: xxxxxxxx
1953: xxxxxxxx
1954: xxxxxxxx
1955: xxxxxxxx
1956: xxxxxxxx
1957: xxxxxxxx
1958: xxxxxxxx
1959: xxxxxxxx
1960: xxxxxxxx
1961: xxxxxxxx
1962: xxxxxxxx
1963: xxxxxxxx
1964: xxxxxxxx
1965: xxxxxxxx
1966: xxxxxxxx
1967: xxxxxxxx
1968: xxxxxxxx
1969: xxxxxxxx
1970: xxxxxxxx
1971: xxxxxxxx
1972: xxxxxxxx
1973: xxxxxxxx
1974: xxxxxxxx
1975: xxxxxxxx
1976: xxxxxxxx
1977: xxxxxxxx
1978: xxxxxxxx
1979: xxxxxxxx
1980: xxxxxxxx
1981: xxxxxxxx
1982: xxxxxxxx
1983: xxxxxxxx
1984: xxxxxxxx
1985: xxxxxxxx
1986: xxxxxxxx
1987: xxxxxxxx
1988: xxxxxxxx
1989: xxxxxxxx
1990: xxxxxxxx
1991: xxxxxxxx
1992: xxxxxxxx
1993: xxxxxxxx
1994: xxxxxxxx
1995: xxxxxxxx
1996: xxxxxxxx
1997: xxxxxxxx
1998: xxxxxxxx
1999: xxxxxxxx
2000: xxxxxxxx
2001: xxxxxxxx
2002: xxxxxxxx
2003: xxxxxxxx
2004: xxxxxxxx
2005: xxxxxxxx
2006: xxxxxxxx
2007: xxxxxxxx
2008: xxxxxxxx
2009: xxxxxxxx
2010: xxxxxxxx
2011: xxxxxxxx
2012: xxxxxxxx
2013: xxxxxxxx
2014: xxxxxxxx
2015: xxxxxxxx
2016: xxxxxxxx
2017: xxxxxxxx
2018: xxxxxxxx
2019: xxxxxxxx
2020: xxxxxxxx
2021: xxxxxxxx
2022: xxxxxxxx
2023: xxxxxxxx
2024: xxxxxxxx
2025: xxxxxxxx
2026: xxxxxxxx
2027: xxxxxxxx
2028: xxxxxxxx
2029: xxxxxxxx
2030: xxxxxxxx
2031: xxxxxxxx
2032: xxxxxxxx
2033: xxxxxxxx
2034: xxxxxxxx
2035: xxxxxxxx
2036: xxxxxxxx
2037: xxxxxxxx
2038: xxxxxxxx
2039: xxxxxxxx
2040: xxxxxxxx
2041: xxxxxxxx
2042: xxxxxxxx
2043: xxxxxxxx
2044: xxxxxxxx
2045: xxxxxxxx
2046: xxxxxxxx
2047: xxxxxxxx
2048: xxxxxxxx
2049: xxxxxxxx
2050: xxxxxxxx
2051: xxxxxxxx
2052: xxxxxxxx
2053: xxxxxxxx
2054: xxxxxxxx
2055: xxxxxxxx
2056: xxxxxxxx
2057: xxxxxxxx
2058: xxxxxxxx
2059: xxxxxxxx
2060: xxxxxxxx
2061: xxxxxxxx
2062: xxxxxxxx
2063: xxxxxxxx
2064: xxxxxxxx
2065: xxxxxxxx
2066: xxxxxxxx
2067: xxxxxxxx
2068: xxxxxxxx
2069: xxxxxxxx
2070: xxxxxxxx
2071: xxxxxxxx
2072: xxxxxxxx
2073: xxxxxxxx
2074: xxxxxxxx
2075: xxxxxxxx
2076: xxxxxxxx
2077: xxxxxxxx
2078: xxxxxxxx
2079: xxxxxxxx
2080: xxxxxxxx
2081: xxxxxxxx
2082: xxxxxxxx
2083: xxxxxxxx
2084: xxxxxxxx
2085: xxxxxxxx
2086: xxxxxxxx
2087: xxxxxxxx
2088: xxxxxxxx
2089: xxxxxxxx
2090: xxxxxxxx
2091: xxxxxxxx
2092: xxxxxxxx
2093: xxxxxxxx
2094: xxxxxxxx
2095: xxxxxxxx
2096: xxxxxxxx
2097: xxxxxxxx
2098: xxxxxxxx
2099: xxxxxxxx
2100: xxxxxxxx
2101: xxxxxxxx
2102: xxxxxxxx
2103: xxxxxxxx
2104: xxxxxxxx
2105: xxxxxxxx
2106: xxxxxxxx
2107: xxxxxxxx
2108: xxxxxxxx
2109: xxxxxxxx
2110: xxxxxxxx
2111: xxxxxxxx
2112: xxxxxxxx
2113: xxxxxxxx
2114: xxxxxxxx
2115: xxxxxxxx
2116: xxxxxxxx
2117: xxxxxxxx
2118: xxxxxxxx
2119: xxxxxxxx
2120: xxxxxxxx
2121: xxxxxxxx
2122: xxxxxxxx
2123: xxxxxxxx
2124: xxxxxxxx
2125: xxxxxxxx
2126: xxxxxxxx
2127: xxxxxxxx
2128: xxxxxxxx
2129: xxxxxxxx
2130: xxxxxxxx
2131: xxxxxxxx
2132: xxxxxxxx
2133: xxxxxxxx
2134: xxxxxxxx
2135: xxxxxxxx
2136: xxxxxxxx
2137: xxxxxxxx
2138: xxxxxxxx
2139: xxxxxxxx
2140: xxxxxxxx
2141: xxxxxxxx
2142: xxxxxxxx
2143: xxxxxxxx
2144: xxxxxxxx
2145: xxxxxxxx
2146: xxxxxxxx
2147: xxxxxxxx
2148: xxxxxxxx
2149: xxxxxxxx
2150: xxxxxxxx
2151: xxxxxxxx
2152: xxxxxxxx
2153: xxxxxxxx
2154: xxxxxxxx
2155: xxxxxxxx
2156: xxxxxxxx
2157: xxxxxxxx
2158: xxxxxxxx
2159: xxxxxxxx
2160: xxxxxxxx
2161: xxxxxxxx
2162: xxxxxxxx
2163: xxxxxxxx
2164: xxxxxxxx
2165: xxxxxxxx
2166: xxxxxxxx
2167: xxxxxxxx
2168: xxxxxxxx
2169: xxxxxxxx
2170: xxxxxxxx
2171: xxxxxxxx
2172: xxxxxxxx
2173: xxxxxxxx
2174: xxxxxxxx
2175: xxxxxxxx
2176: xxxxxxxx
2177: xxxxxxxx
2178: xxxxxxxx
2179: xxxxxxxx
2180: xxxxxxxx
2181: xxxxxxxx
2182: xxxxxxxx
2183: xxxxxxxx
2184: xxxxxxxx
2185: xxxxxxxx
2186: xxxxxxxx
2187: xxxxxxxx
2188: xxxxxxxx
2189: xxxxxxxx
2190: xxxxxxxx
2191: xxxxxxxx
2192: xxxxxxxx
2193: xxxxxxxx
2194: xxxxxxxx
2195: xxxxxxxx
2196: xxxxxxxx
2197: xxxxxxxx
2198: xxxxxxxx
2199: xxxxxxxx
2200: xxxxxxxx
2201: xxxxxxxx
2202: xxxxxxxx
2203: xxxxxxxx
2204: xxxxxxxx
2205: xxxxxxxx
2206: xxxxxxxx
2207: xxxxxxxx
2208: xxxxxxxx
2209: xxxxxxxx
2210: xxxxxxxx
2211: xxxxxxxx
2212: xxxxxxxx
2213: xxxxxxxx
2214: xxxxxxxx
2215: xxxxxxxx
2216: xxxxxxxx
2217: xxxxxxxx
2218: xxxxxxxx
2219: xxxxxxxx
2220: xxxxxxxx
2221: xxxxxxxx
2222: xxxxxxxx
2223: xxxxxxxx
2224: xxxxxxxx
2225: xxxxxxxx
2226: xxxxxxxx
2227: xxxxxxxx
2228: xxxxxxxx
2229: xxxxxxxx
2230: xxxxxxxx
2231: xxxxxxxx
2232: xxxxxxxx
2233: xxxxxxxx
2234: xxxxxxxx
2235: xxxxxxxx
2236: xxxxxxxx
2237: xxxxxxxx
2238: xxxxxxxx
2239: xxxxxxxx
2240: xxxxxxxx
2241: xxxxxxxx
2242: xxxxxxxx
2243: xxxxxxxx
2244: xxxxxxxx
2245: xxxxxxxx
2246: xxxxxxxx
2247: xxxxxxxx
2248: xxxxxxxx
2249: xxxxxxxx
2250: xxxxxxxx
2251: xxxxxxxx
2252: xxxxxxxx
2253: xxxxxxxx
2254: xxxxxxxx
2255: xxxxxxxx
2256: xxxxxxxx
2257: xxxxxxxx
2258: xxxxxxxx
2259: xxxxxxxx
2260: xxxxxxxx
2261: xxxxxxxx
2262: xxxxxxxx
2263: xxxxxxxx
2264: xxxxxxxx
2265: xxxxxxxx
2266: xxxxxxxx
2267: xxxxxxxx
2268: xxxxxxxx
2269: xxxxxxxx
2270: xxxxxxxx
2271: xxxxxxxx
2272: xxxxxxxx
2273: xxxxxxxx
2274: xxxxxxxx
2275: xxxxxxxx
2276: xxxxxxxx
2277: xxxxxxxx
2278: xxxxxxxx
2279: xxxxxxxx
2280: xxxxxxxx
2281: xxxxxxxx
2282: xxxxxxxx
2283: xxxxxxxx
2284: xxxxxxxx
2285: xxxxxxxx
2286: xxxxxxxx
2287: xxxxxxxx
2288: xxxxxxxx
2289: xxxxxxxx
2290: xxxxxxxx
2291: xxxxxxxx
2292: xxxxxxxx
2293: xxxxxxxx
2294: xxxxxxxx
2295: xxxxxxxx
2296: xxxxxxxx
2297: xxxxxxxx
2298: xxxxxxxx
2299: xxxxxxxx
2300: xxxxxxxx
2301: xxxxxxxx
2302: xxxxxxxx
2303: xxxxxxxx
2304: xxxxxxxx
2305: xxxxxxxx
2306: xxxxxxxx
2307: xxxxxxxx
2308: xxxxxxxx
2309: xxxxxxxx
2310: xxxxxxxx
2311: xxxxxxxx
2312: xxxxxxxx
2313: xxxxxxxx
2314: xxxxxxxx
2315: xxxxxxxx
2316: xxxxxxxx
2317: xxxxxxxx
2318: xxxxxxxx
2319: xxxxxxxx
2320: xxxxxxxx
2321: xxxxxxxx
2322: xxxxxxxx
2323: xxxxxxxx
2324: xxxxxxxx
2325: xxxxxxxx
2326: xxxxxxxx
2327: xxxxxxxx
2328: xxxxxxxx
2329: xxxxxxxx
2330: xxxxxxxx
2331: xxxxxxxx
2332: xxxxxxxx
2333: xxxxxxxx
2334: xxxxxxxx
2335: xxxxxxxx
2336: xxxxxxxx
2337: xxxxxxxx
2338: xxxxxxxx
2339: xxxxxxxx
2340: xxxxxxxx
2341: xxxxxxxx
2342: xxxxxxxx
2343: xxxxxxxx
2344: xxxxxxxx
2345: xxxxxxxx
2346: xxxxxxxx
2347: xxxxxxxx
2348: xxxxxxxx
2349: xxxxxxxx
2350: xxxxxxxx
2351: xxxxxxxx
2352: xxxxxxxx
2353: xxxxxxxx
2354: xxxxxxxx
2355: xxxxxxxx
2356: xxxxxxxx
2357: xxxxxxxx
2358: xxxxxxxx
2359: xxxxxxxx
2360: xxxxxxxx
2361: xxxxxxxx
2362: xxxxxxxx
2363: xxxxxxxx
2364: xxxxxxxx
2365: xxxxxxxx
2366: xxxxxxxx
2367: xxxxxxxx
2368: xxxxxxxx
2369: xxxxxxxx
2370: xxxxxxxx
2371: xxxxxxxx
2372: xxxxxxxx
2373: xxxxxxxx
2374: xxxxxxxx
2375: xxxxxxxx
2376: xxxxxxxx
2377: xxxxxxxx
2378: xxxxxxxx
2379: xxxxxxxx
2380: xxxxxxxx
2381: xxxxxxxx
2382: xxxxxxxx
2383: xxxxxxxx
2384: xxxxxxxx
2385: xxxxxxxx
2386: xxxxxxxx
2387: xxxxxxxx
2388: xxxxxxxx
2389: xxxxxxxx
2390: xxxxxxxx
2391: xxxxxxxx
2392: xxxxxxxx
2393: xxxxxxxx
2394: xxxxxxxx
2395: xxxxxxxx
2396: xxxxxxxx
2397: xxxxxxxx
2398: xxxxxxxx
2399: xxxxxxxx
2400: xxxxxxxx
2401: xxxxxxxx
2402: xxxxxxxx
2403: xxxxxxxx
2404: xxxxxxxx
2405: xxxxxxxx
2406: xxxxxxxx
2407: xxxxxxxx
2408: xxxxxxxx
2409: xxxxxxxx
2410: xxxxxxxx
2411: xxxxxxxx
2412: xxxxxxxx
2413: xxxxxxxx
2414: xxxxxxxx
2415: xxxxxxxx
2416: xxxxxxxx
2417: xxxxxxxx
2418: xxxxxxxx
2419: xxxxxxxx
2420: xxxxxxxx
2421: xxxxxxxx
2422: xxxxxxxx
2423: xxxxxxxx
2424: xxxxxxxx
2425: xxxxxxxx
2426: xxxxxxxx
2427: xxxxxxxx
2428: xxxxxxxx
2429: xxxxxxxx
2430: xxxxxxxx
2431: xxxxxxxx
2432: xxxxxxxx
2433: xxxxxxxx
2434: xxxxxxxx
2435: xxxxxxxx
2436: xxxxxxxx
2437: xxxxxxxx
2438: xxxxxxxx
2439: xxxxxxxx
2440: xxxxxxxx
2441: xxxxxxxx
2442: xxxxxxxx
2443: xxxxxxxx
2444: xxxxxxxx
2445: xxxxxxxx
2446: xxxxxxxx
2447: xxxxxxxx
2448: xxxxxxxx
2449: xxxxxxxx
2450: xxxxxxxx
2451: xxxxxxxx
2452: xxxxxxxx
2453: xxxxxxxx
2454: xxxxxxxx
2455: xxxxxxxx
2456: xxxxxxxx
2457: xxxxxxxx
2458: xxxxxxxx
2459: xxxxxxxx
2460: xxxxxxxx
2461: xxxxxxxx
2462: xxxxxxxx
2463: xxxxxxxx
2464: xxxxxxxx
2465: xxxxxxxx
2466: xxxxxxxx
2467: xxxxxxxx
2468: xxxxxxxx
2469: xxxxxxxx
2470: xxxxxxxx
2471: xxxxxxxx
2472: xxxxxxxx
2473: xxxxxxxx
2474: xxxxxxxx
2475: xxxxxxxx
2476: xxxxxxxx
2477: xxxxxxxx
2478: xxxxxxxx
2479: xxxxxxxx
2480: xxxxxxxx
2481: xxxxxxxx
2482: xxxxxxxx
2483: xxxxxxxx
2484: xxxxxxxx
2485: xxxxxxxx
2486: xxxxxxxx
2487: xxxxxxxx
2488: xxxxxxxx
2489: xxxxxxxx
2490: xxxxxxxx
2491: xxxxxxxx
2492: xxxxxxxx
2493: xxxxxxxx
2494: xxxxxxxx
2495: xxxxxxxx
2496: xxxxxxxx
2497: xxxxxxxx
2498: xxxxxxxx
2499: xxxxxxxx
2500: xxxxxxxx
2501: xxxxxxxx
2502: xxxxxxxx
2503: xxxxxxxx
2504: xxxxxxxx
2505: xxxxxxxx
2506: xxxxxxxx
2507: xxxxxxxx
2508: xxxxxxxx
2509: xxxxxxxx
2510: xxxxxxxx
2511: xxxxxxxx
2512: xxxxxxxx
2513: xxxxxxxx
2514: xxxxxxxx
2515: xxxxxxxx
2516: xxxxxxxx
2517: xxxxxxxx
2518: xxxxxxxx
2519: xxxxxxxx
2520: xxxxxxxx
2521: xxxxxxxx
2522: xxxxxxxx
2523: xxxxxxxx
2524: xxxxxxxx
2525: xxxxxxxx
2526: xxxxxxxx
2527: xxxxxxxx
2528: xxxxxxxx
2529: xxxxxxxx
2530: xxxxxxxx
2531: xxxxxxxx
2532: xxxxxxxx
2533: xxxxxxxx
2534: xxxxxxxx
2535: xxxxxxxx
2536: xxxxxxxx
2537: xxxxxxxx
2538: xxxxxxxx
2539: xxxxxxxx
2540: xxxxxxxx
2541: xxxxxxxx
2542: xxxxxxxx
2543: xxxxxxxx
2544: xxxxxxxx
2545: xxxxxxxx
2546: xxxxxxxx
2547: xxxxxxxx
2548: xxxxxxxx
2549: xxxxxxxx
2550: xxxxxxxx
2551: xxxxxxxx
2552: xxxxxxxx
2553: xxxxxxxx
2554: xxxxxxxx
2555: xxxxxxxx
2556: xxxxxxxx
2557: xxxxxxxx
2558: xxxxxxxx
2559: xxxxxxxx
2560: xxxxxxxx
2561: xxxxxxxx
2562: xxxxxxxx
2563: xxxxxxxx
2564: xxxxxxxx
2565: xxxxxxxx
2566: xxxxxxxx
2567: xxxxxxxx
2568: xxxxxxxx
2569: xxxxxxxx
2570: xxxxxxxx
2571: xxxxxxxx
2572: xxxxxxxx
2573: xxxxxxxx
2574: xxxxxxxx
2575: xxxxxxxx
2576: xxxxxxxx
2577: xxxxxxxx
2578: xxxxxxxx
2579: xxxxxxxx
2580: xxxxxxxx
2581: xxxxxxxx
2582: xxxxxxxx
2583: xxxxxxxx
2584: xxxxxxxx
2585: xxxxxxxx
2586: xxxxxxxx
2587: xxxxxxxx
2588: xxxxxxxx
2589: xxxxxxxx
2590: xxxxxxxx
2591: xxxxxxxx
2592: xxxxxxxx
2593: xxxxxxxx
2594: xxxxxxxx
2595: xxxxxxxx
2596: xxxxxxxx
2597: xxxxxxxx
2598: xxxxxxxx
2599: xxxxxxxx
2600: xxxxxxxx
2601: xxxxxxxx
2602: xxxxxxxx
2603: xxxxxxxx
2604: xxxxxxxx
2605: xxxxxxxx
2606: xxxxxxxx
2607: xxxxxxxx
2608: xxxxxxxx
2609: xxxxxxxx
2610: xxxxxxxx
2611: xxxxxxxx
2612: xxxxxxxx
2613: xxxxxxxx
2614: xxxxxxxx
2615: xxxxxxxx
2616: xxxxxxxx
2617: xxxxxxxx
2618: xxxxxxxx
2619: xxxxxxxx
2620: xxxxxxxx
2621: xxxxxxxx
2622: xxxxxxxx
2623: xxxxxxxx
2624: xxxxxxxx
2625: xxxxxxxx
2626: xxxxxxxx
2627: xxxxxxxx
2628: xxxxxxxx
2629: xxxxxxxx
2630: xxxxxxxx
2631: xxxxxxxx
2632: xxxxxxxx
2633: xxxxxxxx
2634: xxxxxxxx
2635: xxxxxxxx
2636: xxxxxxxx
2637: xxxxxxxx
2638: xxxxxxxx
2639: xxxxxxxx
2640: xxxxxxxx
2641: xxxxxxxx
2642: xxxxxxxx
2643: xxxxxxxx
2644: xxxxxxxx
2645: xxxxxxxx
2646: xxxxxxxx
2647: xxxxxxxx
2648: xxxxxxxx
2649: xxxxxxxx
2650: xxxxxxxx
2651: xxxxxxxx
2652: xxxxxxxx
2653: xxxxxxxx
2654: xxxxxxxx
2655: xxxxxxxx
2656: xxxxxxxx
2657: xxxxxxxx
2658: xxxxxxxx
2659: xxxxxxxx
2660: xxxxxxxx
2661: xxxxxxxx
2662: xxxxxxxx
2663: xxxxxxxx
2664: xxxxxxxx
2665: xxxxxxxx
2666: xxxxxxxx
2667: xxxxxxxx
2668: xxxxxxxx
2669: xxxxxxxx
2670: xxxxxxxx
2671: xxxxxxxx
2672: xxxxxxxx
2673: xxxxxxxx
2674: xxxxxxxx
2675: xxxxxxxx
2676: xxxxxxxx
2677: xxxxxxxx
2678: xxxxxxxx
2679: xxxxxxxx
2680: xxxxxxxx
2681: xxxxxxxx
2682: xxxxxxxx
2683: xxxxxxxx
2684: xxxxxxxx
2685: xxxxxxxx
2686: xxxxxxxx
2687: xxxxxxxx
2688: xxxxxxxx
2689: xxxxxxxx
2690: xxxxxxxx
2691: xxxxxxxx
2692: xxxxxxxx
2693: xxxxxxxx
2694: xxxxxxxx
2695: xxxxxxxx
2696: xxxxxxxx
2697: xxxxxxxx
2698: xxxxxxxx
2699: xxxxxxxx
2700: xxxxxxxx
2701: xxxxxxxx
2702: xxxxxxxx
2703: xxxxxxxx
2704: xxxxxxxx
2705: xxxxxxxx
2706: xxxxxxxx
2707: xxxxxxxx
2708: xxxxxxxx
2709: xxxxxxxx
2710: xxxxxxxx
2711: xxxxxxxx
2712: xxxxxxxx
2713: xxxxxxxx
2714: xxxxxxxx
2715: xxxxxxxx
2716: xxxxxxxx
2717: xxxxxxxx
2718: xxxxxxxx
2719: xxxxxxxx
2720: xxxxxxxx
2721: xxxxxxxx
2722: xxxxxxxx
2723: xxxxxxxx
2724: xxxxxxxx
2725: xxxxxxxx
2726: xxxxxxxx
2727: xxxxxxxx
2728: xxxxxxxx
2729: xxxxxxxx
2730: xxxxxxxx
2731: xxxxxxxx
2732: xxxxxxxx
2733: xxxxxxxx
2734: xxxxxxxx
2735: xxxxxxxx
2736: xxxxxxxx
2737: xxxxxxxx
2738: xxxxxxxx
2739: xxxxxxxx
2740: xxxxxxxx
2741: xxxxxxxx
2742: xxxxxxxx
2743: xxxxxxxx
2744: xxxxxxxx
2745: xxxxxxxx
2746: xxxxxxxx
2747: xxxxxxxx
2748: xxxxxxxx
2749: xxxxxxxx
2750: xxxxxxxx
2751: xxxxxxxx
2752: xxxxxxxx
2753: xxxxxxxx
2754: xxxxxxxx
2755: xxxxxxxx
2756: xxxxxxxx
2757: xxxxxxxx
2758: xxxxxxxx
2759: xxxxxxxx
2760: xxxxxxxx
2761: xxxxxxxx
2762: xxxxxxxx
2763: xxxxxxxx
2764: xxxxxxxx
2765: xxxxxxxx
2766: xxxxxxxx
2767: xxxxxxxx
2768: xxxxxxxx
2769: xxxxxxxx
2770: xxxxxxxx
2771: xxxxxxxx
2772: xxxxxxxx
2773: xxxxxxxx
2774: xxxxxxxx
2775: xxxxxxxx
2776: xxxxxxxx
2777: xxxxxxxx
2778: xxxxxxxx
2779: xxxxxxxx
2780: xxxxxxxx
2781: xxxxxxxx
2782: xxxxxxxx
2783: xxxxxxxx
2784: xxxxxxxx
2785: xxxxxxxx
2786: xxxxxxxx
2787: xxxxxxxx
2788: xxxxxxxx
2789: xxxxxxxx
2790: xxxxxxxx
2791: xxxxxxxx
2792: xxxxxxxx
2793: xxxxxxxx
2794: xxxxxxxx
2795: xxxxxxxx
2796: xxxxxxxx
2797: xxxxxxxx
2798: xxxxxxxx
2799: xxxxxxxx
2800: xxxxxxxx
2801: xxxxxxxx
2802: xxxxxxxx
2803: xxxxxxxx
2804: xxxxxxxx
2805: xxxxxxxx
2806: xxxxxxxx
2807: xxxxxxxx
2808: xxxxxxxx
2809: xxxxxxxx
2810: xxxxxxxx
2811: xxxxxxxx
2812: xxxxxxxx
2813: xxxxxxxx
2814: xxxxxxxx
2815: xxxxxxxx
2816: xxxxxxxx
2817: xxxxxxxx
2818: xxxxxxxx
2819: xxxxxxxx
2820: xxxxxxxx
2821: xxxxxxxx
2822: xxxxxxxx
2823: xxxxxxxx
2824: xxxxxxxx
2825: xxxxxxxx
2826: xxxxxxxx
2827: xxxxxxxx
2828: xxxxxxxx
2829: xxxxxxxx
2830: xxxxxxxx
2831: xxxxxxxx
2832: xxxxxxxx
2833: xxxxxxxx
2834: xxxxxxxx
2835: xxxxxxxx
2836: xxxxxxxx
2837: xxxxxxxx
2838: xxxxxxxx
2839: xxxxxxxx
2840: xxxxxxxx
2841: xxxxxxxx
2842: xxxxxxxx
2843: xxxxxxxx
2844: xxxxxxxx
2845: xxxxxxxx
2846: xxxxxxxx
2847: xxxxxxxx
2848: xxxxxxxx
2849: xxxxxxxx
2850: xxxxxxxx
2851: xxxxxxxx
2852: xxxxxxxx
2853: xxxxxxxx
2854: xxxxxxxx
2855: xxxxxxxx
2856: xxxxxxxx
2857: xxxxxxxx
2858: xxxxxxxx
2859: xxxxxxxx
2860: xxxxxxxx
2861: xxxxxxxx
2862: xxxxxxxx
2863: xxxxxxxx
2864: xxxxxxxx
2865: xxxxxxxx
2866: xxxxxxxx
2867: xxxxxxxx
2868: xxxxxxxx
2869: xxxxxxxx
2870: xxxxxxxx
2871: xxxxxxxx
2872: xxxxxxxx
2873: xxxxxxxx
2874: xxxxxxxx
2875: xxxxxxxx
2876: xxxxxxxx
2877: xxxxxxxx
2878: xxxxxxxx
2879: xxxxxxxx
2880: xxxxxxxx
2881: xxxxxxxx
2882: xxxxxxxx
2883: xxxxxxxx
2884: xxxxxxxx
2885: xxxxxxxx
2886: xxxxxxxx
2887: xxxxxxxx
2888: xxxxxxxx
2889: xxxxxxxx
2890: xxxxxxxx
2891: xxxxxxxx
2892: xxxxxxxx
2893: xxxxxxxx
2894: xxxxxxxx
2895: xxxxxxxx
2896: xxxxxxxx
2897: xxxxxxxx
2898: xxxxxxxx
2899: xxxxxxxx
2900: xxxxxxxx
2901: xxxxxxxx
2902: xxxxxxxx
2903: xxxxxxxx
2904: xxxxxxxx
2905: xxxxxxxx
2906: xxxxxxxx
2907: xxxxxxxx
2908: xxxxxxxx
2909: xxxxxxxx
2910: xxxxxxxx
2911: xxxxxxxx
2912: xxxxxxxx
2913: xxxxxxxx
2914: xxxxxxxx
2915: xxxxxxxx
2916: xxxxxxxx
2917: xxxxxxxx
2918: xxxxxxxx
2919: xxxxxxxx
2920: xxxxxxxx
2921: xxxxxxxx
2922: xxxxxxxx
2923: xxxxxxxx
2924: xxxxxxxx
2925: xxxxxxxx
2926: xxxxxxxx
2927: xxxxxxxx
2928: xxxxxxxx
2929: xxxxxxxx
2930: xxxxxxxx
2931: xxxxxxxx
2932: xxxxxxxx
2933: xxxxxxxx
2934: xxxxxxxx
2935: xxxxxxxx
2936: xxxxxxxx
2937: xxxxxxxx
2938: xxxxxxxx
2939: xxxxxxxx
2940: xxxxxxxx
2941: xxxxxxxx
2942: xxxxxxxx
2943: xxxxxxxx
2944: xxxxxxxx
2945: xxxxxxxx
2946: xxxxxxxx
2947: xxxxxxxx
2948: xxxxxxxx
2949: xxxxxxxx
2950: xxxxxxxx
2951: xxxxxxxx
2952: xxxxxxxx
2953: xxxxxxxx
2954: xxxxxxxx
2955: xxxxxxxx
2956: xxxxxxxx
2957: xxxxxxxx
2958: xxxxxxxx
2959: xxxxxxxx
2960: xxxxxxxx
2961: xxxxxxxx
2962: xxxxxxxx
2963: xxxxxxxx
2964: xxxxxxxx
2965: xxxxxxxx
2966: xxxxxxxx
2967: xxxxxxxx
2968: xxxxxxxx
2969: xxxxxxxx
2970: xxxxxxxx
2971: xxxxxxxx
2972: xxxxxxxx
2973: xxxxxxxx
2974: xxxxxxxx
2975: xxxxxxxx
2976: xxxxxxxx
2977: xxxxxxxx
2978: xxxxxxxx
2979: xxxxxxxx
2980: xxxxxxxx
2981: xxxxxxxx
2982: xxxxxxxx
2983: xxxxxxxx
2984: xxxxxxxx
2985: xxxxxxxx
2986: xxxxxxxx
2987: xxxxxxxx
2988: xxxxxxxx
2989: xxxxxxxx
2990: xxxxxxxx
2991: xxxxxxxx
2992: xxxxxxxx
2993: xxxxxxxx
2994: xxxxxxxx
2995: xxxxxxxx
2996: xxxxxxxx
2997: xxxxxxxx
2998: xxxxxxxx
2999: xxxxxxxx
3000: xxxxxxxx
3001: xxxxxxxx
3002: xxxxxxxx
3003: xxxxxxxx
3004: xxxxxxxx
3005: xxxxxxxx
3006: xxxxxxxx
3007: xxxxxxxx
3008: xxxxxxxx
3009: xxxxxxxx
3010: xxxxxxxx
3011: xxxxxxxx
3012: xxxxxxxx
3013: xxxxxxxx
3014: xxxxxxxx
3015: xxxxxxxx
3016: xxxxxxxx
3017: xxxxxxxx
3018: xxxxxxxx
3019: xxxxxxxx
3020: xxxxxxxx
3021: xxxxxxxx
3022: xxxxxxxx
3023: xxxxxxxx
3024: xxxxxxxx
3025: xxxxxxxx
3026: xxxxxxxx
3027: xxxxxxxx
3028: xxxxxxxx
3029: xxxxxxxx
3030: xxxxxxxx
3031: xxxxxxxx
3032: xxxxxxxx
3033: xxxxxxxx
3034: xxxxxxxx
3035: xxxxxxxx
3036: xxxxxxxx
3037: xxxxxxxx
3038: xxxxxxxx
3039: xxxxxxxx
3040: xxxxxxxx
3041: xxxxxxxx
3042: xxxxxxxx
3043: xxxxxxxx
3044: xxxxxxxx
3045: xxxxxxxx
3046: xxxxxxxx
3047: xxxxxxxx
3048: xxxxxxxx
3049: xxxxxxxx
3050: xxxxxxxx
3051: xxxxxxxx
3052: xxxxxxxx
3053: xxxxxxxx
3054: xxxxxxxx
3055: xxxxxxxx
3056: xxxxxxxx
3057: xxxxxxxx
3058: xxxxxxxx
3059: xxxxxxxx
3060: xxxxxxxx
3061: xxxxxxxx
3062: xxxxxxxx
3063: xxxxxxxx
3064: xxxxxxxx
3065: xxxxxxxx
3066: xxxxxxxx
3067: xxxxxxxx
3068: xxxxxxxx
3069: xxxxxxxx
3070: xxxxxxxx
3071: xxxxxxxx
3072: xxxxxxxx
3073: xxxxxxxx
3074: xxxxxxxx
3075: xxxxxxxx
3076: xxxxxxxx
3077: xxxxxxxx
3078: xxxxxxxx
3079: xxxxxxxx
3080: xxxxxxxx
3081: xxxxxxxx
3082: xxxxxxxx
3083: xxxxxxxx
3084: xxxxxxxx
3085: xxxxxxxx
3086: xxxxxxxx
3087: xxxxxxxx
3088: xxxxxxxx
3089: xxxxxxxx
3090: xxxxxxxx
3091: xxxxxxxx
3092: xxxxxxxx
3093: xxxxxxxx
3094: xxxxxxxx
3095: xxxxxxxx
3096: xxxxxxxx
3097: xxxxxxxx
3098: xxxxxxxx
3099: xxxxxxxx
3100: xxxxxxxx
3101: xxxxxxxx
3102: xxxxxxxx
3103: xxxxxxxx
3104: xxxxxxxx
3105: xxxxxxxx
3106: xxxxxxxx
3107: xxxxxxxx
3108: xxxxxxxx
3109: xxxxxxxx
3110: xxxxxxxx
3111: xxxxxxxx
3112: xxxxxxxx
3113: xxxxxxxx
3114: xxxxxxxx
3115: xxxxxxxx
3116: xxxxxxxx
3117: xxxxxxxx
3118: xxxxxxxx
3119: xxxxxxxx
3120: xxxxxxxx
3121: xxxxxxxx
3122: xxxxxxxx
3123: xxxxxxxx
3124: xxxxxxxx
3125: xxxxxxxx
3126: xxxxxxxx
3127: xxxxxxxx
3128: xxxxxxxx
3129: xxxxxxxx
3130: xxxxxxxx
3131: xxxxxxxx
3132: xxxxxxxx
3133: xxxxxxxx
3134: xxxxxxxx
3135: xxxxxxxx
3136: xxxxxxxx
3137: xxxxxxxx
3138: xxxxxxxx
3139: xxxxxxxx
3140: xxxxxxxx
3141: xxxxxxxx
3142: xxxxxxxx
3143: xxxxxxxx
3144: xxxxxxxx
3145: xxxxxxxx
3146: xxxxxxxx
3147: xxxxxxxx
3148: xxxxxxxx
3149: xxxxxxxx
3150: xxxxxxxx
3151: xxxxxxxx
3152: xxxxxxxx
3153: xxxxxxxx
3154: xxxxxxxx
3155: xxxxxxxx
3156: xxxxxxxx
3157: xxxxxxxx
3158: xxxxxxxx
3159: xxxxxxxx
3160: xxxxxxxx
3161: xxxxxxxx
3162: xxxxxxxx
3163: xxxxxxxx
3164: xxxxxxxx
3165: xxxxxxxx
3166: xxxxxxxx
3167: xxxxxxxx
3168: xxxxxxxx
3169: xxxxxxxx
3170: xxxxxxxx
3171: xxxxxxxx
3172: xxxxxxxx
3173: xxxxxxxx
3174: xxxxxxxx
3175: xxxxxxxx
3176: xxxxxxxx
3177: xxxxxxxx
3178: xxxxxxxx
3179: xxxxxxxx
3180: xxxxxxxx
3181: xxxxxxxx
3182: xxxxxxxx
3183: xxxxxxxx
3184: xxxxxxxx
3185: xxxxxxxx
3186: xxxxxxxx
3187: xxxxxxxx
3188: xxxxxxxx
3189: xxxxxxxx
3190: xxxxxxxx
3191: xxxxxxxx
3192: xxxxxxxx
3193: xxxxxxxx
3194: xxxxxxxx
3195: xxxxxxxx
3196: xxxxxxxx
3197: xxxxxxxx
3198: xxxxxxxx
3199: xxxxxxxx
3200: xxxxxxxx
3201: xxxxxxxx
3202: xxxxxxxx
3203: xxxxxxxx
3204: xxxxxxxx
3205: xxxxxxxx
3206: xxxxxxxx
3207: xxxxxxxx
3208: xxxxxxxx
3209: xxxxxxxx
3210: xxxxxxxx
3211: xxxxxxxx
3212: xxxxxxxx
3213: xxxxxxxx
3214: xxxxxxxx
3215: xxxxxxxx
3216: xxxxxxxx
3217: xxxxxxxx
3218: xxxxxxxx
3219: xxxxxxxx
3220: xxxxxxxx
3221: xxxxxxxx
3222: xxxxxxxx
3223: xxxxxxxx
3224: xxxxxxxx
3225: xxxxxxxx
3226: xxxxxxxx
3227: xxxxxxxx
3228: xxxxxxxx
3229: xxxxxxxx
3230: xxxxxxxx
3231: xxxxxxxx
3232: xxxxxxxx
3233: xxxxxxxx
3234: xxxxxxxx
3235: xxxxxxxx
3236: xxxxxxxx
3237: xxxxxxxx
3238: xxxxxxxx
3239: xxxxxxxx
3240: xxxxxxxx
3241: xxxxxxxx
3242: xxxxxxxx
3243: xxxxxxxx
3244: xxxxxxxx
3245: xxxxxxxx
3246: xxxxxxxx
3247: xxxxxxxx
3248: xxxxxxxx
3249: xxxxxxxx
3250: xxxxxxxx
3251: xxxxxxxx
3252: xxxxxxxx
3253: xxxxxxxx
3254: xxxxxxxx
3255: xxxxxxxx
3256: xxxxxxxx
3257: xxxxxxxx
3258: xxxxxxxx
3259: xxxxxxxx
3260: xxxxxxxx
3261: xxxxxxxx
3262: xxxxxxxx
3263: xxxxxxxx
3264: xxxxxxxx
3265: xxxxxxxx
3266: xxxxxxxx
3267: xxxxxxxx
3268: xxxxxxxx
3269: xxxxxxxx
3270: xxxxxxxx
3271: xxxxxxxx
3272: xxxxxxxx
3273: xxxxxxxx
3274: xxxxxxxx
3275: xxxxxxxx
3276: xxxxxxxx
3277: xxxxxxxx
3278: xxxxxxxx
3279: xxxxxxxx
3280: xxxxxxxx
3281: xxxxxxxx
3282: xxxxxxxx
3283: xxxxxxxx
3284: xxxxxxxx
3285: xxxxxxxx
3286: xxxxxxxx
3287: xxxxxxxx
3288: xxxxxxxx
3289: xxxxxxxx
3290: xxxxxxxx
3291: xxxxxxxx
3292: xxxxxxxx
3293: xxxxxxxx
3294: xxxxxxxx
3295: xxxxxxxx
3296: xxxxxxxx
3297: xxxxxxxx
3298: xxxxxxxx
3299: xxxxxxxx
3300: xxxxxxxx
3301: xxxxxxxx
3302: xxxxxxxx
3303: xxxxxxxx
3304: xxxxxxxx
3305: xxxxxxxx
3306: xxxxxxxx
3307: xxxxxxxx
3308: xxxxxxxx
3309: xxxxxxxx
3310: xxxxxxxx
3311: xxxxxxxx
3312: xxxxxxxx
3313: xxxxxxxx
3314: xxxxxxxx
3315: xxxxxxxx
3316: xxxxxxxx
3317: xxxxxxxx
3318: xxxxxxxx
3319: xxxxxxxx
3320: xxxxxxxx
3321: xxxxxxxx
3322: xxxxxxxx
3323: xxxxxxxx
3324: xxxxxxxx
3325: xxxxxxxx
3326: xxxxxxxx
3327: xxxxxxxx
3328: xxxxxxxx
3329: xxxxxxxx
3330: xxxxxxxx
3331: xxxxxxxx
3332: xxxxxxxx
3333: xxxxxxxx
3334: xxxxxxxx
3335: xxxxxxxx
3336: xxxxxxxx
3337: xxxxxxxx
3338: xxxxxxxx
3339: xxxxxxxx
3340: xxxxxxxx
3341: xxxxxxxx
3342: xxxxxxxx
3343: xxxxxxxx
3344: xxxxxxxx
3345: xxxxxxxx
3346: xxxxxxxx
3347: xxxxxxxx
3348: xxxxxxxx
3349: xxxxxxxx
3350: xxxxxxxx
3351: xxxxxxxx
3352: xxxxxxxx
3353: xxxxxxxx
3354: xxxxxxxx
3355: xxxxxxxx
3356: xxxxxxxx
3357: xxxxxxxx
3358: xxxxxxxx
3359: xxxxxxxx
3360: xxxxxxxx
3361: xxxxxxxx
3362: xxxxxxxx
3363: xxxxxxxx
3364: xxxxxxxx
3365: xxxxxxxx
3366: xxxxxxxx
3367: xxxxxxxx
3368: xxxxxxxx
3369: xxxxxxxx
3370: xxxxxxxx
3371: xxxxxxxx
3372: xxxxxxxx
3373: xxxxxxxx
3374: xxxxxxxx
3375: xxxxxxxx
3376: xxxxxxxx
3377: xxxxxxxx
3378: xxxxxxxx
3379: xxxxxxxx
3380: xxxxxxxx
3381: xxxxxxxx
3382: xxxxxxxx
3383: xxxxxxxx
3384: xxxxxxxx
3385: xxxxxxxx
3386: xxxxxxxx
3387: xxxxxxxx
3388: xxxxxxxx
3389: xxxxxxxx
3390: xxxxxxxx
3391: xxxxxxxx
3392: xxxxxxxx
3393: xxxxxxxx
3394: xxxxxxxx
3395: xxxxxxxx
3396: xxxxxxxx
3397: xxxxxxxx
3398: xxxxxxxx
3399: xxxxxxxx
3400: xxxxxxxx
3401: xxxxxxxx
3402: xxxxxxxx
3403: xxxxxxxx
3404: xxxxxxxx
3405: xxxxxxxx
3406: xxxxxxxx
3407: xxxxxxxx
3408: xxxxxxxx
3409: xxxxxxxx
3410: xxxxxxxx
3411: xxxxxxxx
3412: xxxxxxxx
3413: xxxxxxxx
3414: xxxxxxxx
3415: xxxxxxxx
3416: xxxxxxxx
3417: xxxxxxxx
3418: xxxxxxxx
3419: xxxxxxxx
3420: xxxxxxxx
3421: xxxxxxxx
3422: xxxxxxxx
3423: xxxxxxxx
3424: xxxxxxxx
3425: xxxxxxxx
3426: xxxxxxxx
3427: xxxxxxxx
3428: xxxxxxxx
3429: xxxxxxxx
3430: xxxxxxxx
3431: xxxxxxxx
3432: xxxxxxxx
3433: xxxxxxxx
3434: xxxxxxxx
3435: xxxxxxxx
3436: xxxxxxxx
3437: xxxxxxxx
3438: xxxxxxxx
3439: xxxxxxxx
3440: xxxxxxxx
3441: xxxxxxxx
3442: xxxxxxxx
3443: xxxxxxxx
3444: xxxxxxxx
3445: xxxxxxxx
3446: xxxxxxxx
3447: xxxxxxxx
3448: xxxxxxxx
3449: xxxxxxxx
3450: xxxxxxxx
3451: xxxxxxxx
3452: xxxxxxxx
3453: xxxxxxxx
3454: xxxxxxxx
3455: xxxxxxxx
3456: xxxxxxxx
3457: xxxxxxxx
3458: xxxxxxxx
3459: xxxxxxxx
3460: xxxxxxxx
3461: xxxxxxxx
3462: xxxxxxxx
3463: xxxxxxxx
3464: xxxxxxxx
3465: xxxxxxxx
3466: xxxxxxxx
3467: xxxxxxxx
3468: xxxxxxxx
3469: xxxxxxxx
3470: xxxxxxxx
3471: xxxxxxxx
3472: xxxxxxxx
3473: xxxxxxxx
3474: xxxxxxxx
3475: xxxxxxxx
3476: xxxxxxxx
3477: xxxxxxxx
3478: xxxxxxxx
3479: xxxxxxxx
3480: xxxxxxxx
3481: xxxxxxxx
3482: xxxxxxxx
3483: xxxxxxxx
3484: xxxxxxxx
3485: xxxxxxxx
3486: xxxxxxxx
3487: xxxxxxxx
3488: xxxxxxxx
3489: xxxxxxxx
3490: xxxxxxxx
3491: xxxxxxxx
3492: xxxxxxxx
3493: xxxxxxxx
3494: xxxxxxxx
3495: xxxxxxxx
3496: xxxxxxxx
3497: xxxxxxxx
3498: xxxxxxxx
3499: xxxxxxxx
3500: xxxxxxxx
3501: xxxxxxxx
3502: xxxxxxxx
3503: xxxxxxxx
3504: xxxxxxxx
3505: xxxxxxxx
3506: xxxxxxxx
3507: xxxxxxxx
3508: xxxxxxxx
3509: xxxxxxxx
3510: xxxxxxxx
3511: xxxxxxxx
3512: xxxxxxxx
3513: xxxxxxxx
3514: xxxxxxxx
3515: xxxxxxxx
3516: xxxxxxxx
3517: xxxxxxxx
3518: xxxxxxxx
3519: xxxxxxxx
3520: xxxxxxxx
3521: xxxxxxxx
3522: xxxxxxxx
3523: xxxxxxxx
3524: xxxxxxxx
3525: xxxxxxxx
3526: xxxxxxxx
3527: xxxxxxxx
3528: xxxxxxxx
3529: xxxxxxxx
3530: xxxxxxxx
3531: xxxxxxxx
3532: xxxxxxxx
3533: xxxxxxxx
3534: xxxxxxxx
3535: xxxxxxxx
3536: xxxxxxxx
3537: xxxxxxxx
3538: xxxxxxxx
3539: xxxxxxxx
3540: xxxxxxxx
3541: xxxxxxxx
3542: xxxxxxxx
3543: xxxxxxxx
3544: xxxxxxxx
3545: xxxxxxxx
3546: xxxxxxxx
3547: xxxxxxxx
3548: xxxxxxxx
3549: xxxxxxxx
3550: xxxxxxxx
3551: xxxxxxxx
3552: xxxxxxxx
3553: xxxxxxxx
3554: xxxxxxxx
3555: xxxxxxxx
3556: xxxxxxxx
3557: xxxxxxxx
3558: xxxxxxxx
3559: xxxxxxxx
3560: xxxxxxxx
3561: xxxxxxxx
3562: xxxxxxxx
3563: xxxxxxxx
3564: xxxxxxxx
3565: xxxxxxxx
3566: xxxxxxxx
3567: xxxxxxxx
3568: xxxxxxxx
3569: xxxxxxxx
3570: xxxxxxxx
3571: xxxxxxxx
3572: xxxxxxxx
3573: xxxxxxxx
3574: xxxxxxxx
3575: xxxxxxxx
3576: xxxxxxxx
3577: xxxxxxxx
3578: xxxxxxxx
3579: xxxxxxxx
3580: xxxxxxxx
3581: xxxxxxxx
3582: xxxxxxxx
3583: xxxxxxxx
3584: xxxxxxxx
3585: xxxxxxxx
3586: xxxxxxxx
3587: xxxxxxxx
3588: xxxxxxxx
3589: xxxxxxxx
3590: xxxxxxxx
3591: xxxxxxxx
3592: xxxxxxxx
3593: xxxxxxxx
3594: xxxxxxxx
3595: xxxxxxxx
3596: xxxxxxxx
3597: xxxxxxxx
3598: xxxxxxxx
3599: xxxxxxxx
3600: xxxxxxxx
3601: xxxxxxxx
3602: xxxxxxxx
3603: xxxxxxxx
3604: xxxxxxxx
3605: xxxxxxxx
3606: xxxxxxxx
3607: xxxxxxxx
3608: xxxxxxxx
3609: xxxxxxxx
3610: xxxxxxxx
3611: xxxxxxxx
3612: xxxxxxxx
3613: xxxxxxxx
3614: xxxxxxxx
3615: xxxxxxxx
3616: xxxxxxxx
3617: xxxxxxxx
3618: xxxxxxxx
3619: xxxxxxxx
3620: xxxxxxxx
3621: xxxxxxxx
3622: xxxxxxxx
3623: xxxxxxxx
3624: xxxxxxxx
3625: xxxxxxxx
3626: xxxxxxxx
3627: xxxxxxxx
3628: xxxxxxxx
3629: xxxxxxxx
3630: xxxxxxxx
3631: xxxxxxxx
3632: xxxxxxxx
3633: xxxxxxxx
3634: xxxxxxxx
3635: xxxxxxxx
3636: xxxxxxxx
3637: xxxxxxxx
3638: xxxxxxxx
3639: xxxxxxxx
3640: xxxxxxxx
3641: xxxxxxxx
3642: xxxxxxxx
3643: xxxxxxxx
3644: xxxxxxxx
3645: xxxxxxxx
3646: xxxxxxxx
3647: xxxxxxxx
3648: xxxxxxxx
3649: xxxxxxxx
3650: xxxxxxxx
3651: xxxxxxxx
3652: xxxxxxxx
3653: xxxxxxxx
3654: xxxxxxxx
3655: xxxxxxxx
3656: xxxxxxxx
3657: xxxxxxxx
3658: xxxxxxxx
3659: xxxxxxxx
3660: xxxxxxxx
3661: xxxxxxxx
3662: xxxxxxxx
3663: xxxxxxxx
3664: xxxxxxxx
3665: xxxxxxxx
3666: xxxxxxxx
3667: xxxxxxxx
3668: xxxxxxxx
3669: xxxxxxxx
3670: xxxxxxxx
3671: xxxxxxxx
3672: xxxxxxxx
3673: xxxxxxxx
3674: xxxxxxxx
3675: xxxxxxxx
3676: xxxxxxxx
3677: xxxxxxxx
3678: xxxxxxxx
3679: xxxxxxxx
3680: xxxxxxxx
3681: xxxxxxxx
3682: xxxxxxxx
3683: xxxxxxxx
3684: xxxxxxxx
3685: xxxxxxxx
3686: xxxxxxxx
3687: xxxxxxxx
3688: xxxxxxxx
3689: xxxxxxxx
3690: xxxxxxxx
3691: xxxxxxxx
3692: xxxxxxxx
3693: xxxxxxxx
3694: xxxxxxxx
3695: xxxxxxxx
3696: xxxxxxxx
3697: xxxxxxxx
3698: xxxxxxxx
3699: xxxxxxxx
3700: xxxxxxxx
3701: xxxxxxxx
3702: xxxxxxxx
3703: xxxxxxxx
3704: xxxxxxxx
3705: xxxxxxxx
3706: xxxxxxxx
3707: xxxxxxxx
3708: xxxxxxxx
3709: xxxxxxxx
3710: xxxxxxxx
3711: xxxxxxxx
3712: xxxxxxxx
3713: xxxxxxxx
3714: xxxxxxxx
3715: xxxxxxxx
3716: xxxxxxxx
3717: xxxxxxxx
3718: xxxxxxxx
3719: xxxxxxxx
3720: xxxxxxxx
3721: xxxxxxxx
3722: xxxxxxxx
3723: xxxxxxxx
3724: xxxxxxxx
3725: xxxxxxxx
3726: xxxxxxxx
3727: xxxxxxxx
3728: xxxxxxxx
3729: xxxxxxxx
3730: xxxxxxxx
3731: xxxxxxxx
3732: xxxxxxxx
3733: xxxxxxxx
3734: xxxxxxxx
3735: xxxxxxxx
3736: xxxxxxxx
3737: xxxxxxxx
3738: xxxxxxxx
3739: xxxxxxxx
3740: xxxxxxxx
3741: xxxxxxxx
3742: xxxxxxxx
3743: xxxxxxxx
3744: xxxxxxxx
3745: xxxxxxxx
3746: xxxxxxxx
3747: xxxxxxxx
3748: xxxxxxxx
3749: xxxxxxxx
3750: xxxxxxxx
3751: xxxxxxxx
3752: xxxxxxxx
3753: xxxxxxxx
3754: xxxxxxxx
3755: xxxxxxxx
3756: xxxxxxxx
3757: xxxxxxxx
3758: xxxxxxxx
3759: xxxxxxxx
3760: xxxxxxxx
3761: xxxxxxxx
3762: xxxxxxxx
3763: xxxxxxxx
3764: xxxxxxxx
3765: xxxxxxxx
3766: xxxxxxxx
3767: xxxxxxxx
3768: xxxxxxxx
3769: xxxxxxxx
3770: xxxxxxxx
3771: xxxxxxxx
3772: xxxxxxxx
3773: xxxxxxxx
3774: xxxxxxxx
3775: xxxxxxxx
3776: xxxxxxxx
3777: xxxxxxxx
3778: xxxxxxxx
3779: xxxxxxxx
3780: xxxxxxxx
3781: xxxxxxxx
3782: xxxxxxxx
3783: xxxxxxxx
3784: xxxxxxxx
3785: xxxxxxxx
3786: xxxxxxxx
3787: xxxxxxxx
3788: xxxxxxxx
3789: xxxxxxxx
3790: xxxxxxxx
3791: xxxxxxxx
3792: xxxxxxxx
3793: xxxxxxxx
3794: xxxxxxxx
3795: xxxxxxxx
3796: xxxxxxxx
3797: xxxxxxxx
3798: xxxxxxxx
3799: xxxxxxxx
3800: xxxxxxxx
3801: xxxxxxxx
3802: xxxxxxxx
3803: xxxxxxxx
3804: xxxxxxxx
3805: xxxxxxxx
3806: xxxxxxxx
3807: xxxxxxxx
3808: xxxxxxxx
3809: xxxxxxxx
3810: xxxxxxxx
3811: xxxxxxxx
3812: xxxxxxxx
3813: xxxxxxxx
3814: xxxxxxxx
3815: xxxxxxxx
3816: xxxxxxxx
3817: xxxxxxxx
3818: xxxxxxxx
3819: xxxxxxxx
3820: xxxxxxxx
3821: xxxxxxxx
3822: xxxxxxxx
3823: xxxxxxxx
3824: xxxxxxxx
3825: xxxxxxxx
3826: xxxxxxxx
3827: xxxxxxxx
3828: xxxxxxxx
3829: xxxxxxxx
3830: xxxxxxxx
3831: xxxxxxxx
3832: xxxxxxxx
3833: xxxxxxxx
3834: xxxxxxxx
3835: xxxxxxxx
3836: xxxxxxxx
3837: xxxxxxxx
3838: xxxxxxxx
3839: xxxxxxxx
3840: xxxxxxxx
3841: xxxxxxxx
3842: xxxxxxxx
3843: xxxxxxxx
3844: xxxxxxxx
3845: xxxxxxxx
3846: xxxxxxxx
3847: xxxxxxxx
3848: xxxxxxxx
3849: xxxxxxxx
3850: xxxxxxxx
3851: xxxxxxxx
3852: xxxxxxxx
3853: xxxxxxxx
3854: xxxxxxxx
3855: xxxxxxxx
3856: xxxxxxxx
3857: xxxxxxxx
3858: xxxxxxxx
3859: xxxxxxxx
3860: xxxxxxxx
3861: xxxxxxxx
3862: xxxxxxxx
3863: xxxxxxxx
3864: xxxxxxxx
3865: xxxxxxxx
3866: xxxxxxxx
3867: xxxxxxxx
3868: xxxxxxxx
3869: xxxxxxxx
3870: xxxxxxxx
3871: xxxxxxxx
3872: xxxxxxxx
3873: xxxxxxxx
3874: xxxxxxxx
3875: xxxxxxxx
3876: xxxxxxxx
3877: xxxxxxxx
3878: xxxxxxxx
3879: xxxxxxxx
3880: xxxxxxxx
3881: xxxxxxxx
3882: xxxxxxxx
3883: xxxxxxxx
3884: xxxxxxxx
3885: xxxxxxxx
3886: xxxxxxxx
3887: xxxxxxxx
3888: xxxxxxxx
3889: xxxxxxxx
3890: xxxxxxxx
3891: xxxxxxxx
3892: xxxxxxxx
3893: xxxxxxxx
3894: xxxxxxxx
3895: xxxxxxxx
3896: xxxxxxxx
3897: xxxxxxxx
3898: xxxxxxxx
3899: xxxxxxxx
3900: xxxxxxxx
3901: xxxxxxxx
3902: xxxxxxxx
3903: xxxxxxxx
3904: xxxxxxxx
3905: xxxxxxxx
3906: xxxxxxxx
3907: xxxxxxxx
3908: xxxxxxxx
3909: xxxxxxxx
3910: xxxxxxxx
3911: xxxxxxxx
3912: xxxxxxxx
3913: xxxxxxxx
3914: xxxxxxxx
3915: xxxxxxxx
3916: xxxxxxxx
3917: xxxxxxxx
3918: xxxxxxxx
3919: xxxxxxxx
3920: xxxxxxxx
3921: xxxxxxxx
3922: xxxxxxxx
3923: xxxxxxxx
3924: xxxxxxxx
3925: xxxxxxxx
3926: xxxxxxxx
3927: xxxxxxxx
3928: xxxxxxxx
3929: xxxxxxxx
3930: xxxxxxxx
3931: xxxxxxxx
3932: xxxxxxxx
3933: xxxxxxxx
3934: xxxxxxxx
3935: xxxxxxxx
3936: xxxxxxxx
3937: xxxxxxxx
3938: xxxxxxxx
3939: xxxxxxxx
3940: xxxxxxxx
3941: xxxxxxxx
3942: xxxxxxxx
3943: xxxxxxxx
3944: xxxxxxxx
3945: xxxxxxxx
3946: xxxxxxxx
3947: xxxxxxxx
3948: xxxxxxxx
3949: xxxxxxxx
3950: xxxxxxxx
3951: xxxxxxxx
3952: xxxxxxxx
3953: xxxxxxxx
3954: xxxxxxxx
3955: xxxxxxxx
3956: xxxxxxxx
3957: xxxxxxxx
3958: xxxxxxxx
3959: xxxxxxxx
3960: xxxxxxxx
3961: xxxxxxxx
3962: xxxxxxxx
3963: xxxxxxxx
3964: xxxxxxxx
3965: xxxxxxxx
3966: xxxxxxxx
3967: xxxxxxxx
3968: xxxxxxxx
3969: xxxxxxxx
3970: xxxxxxxx
3971: xxxxxxxx
3972: xxxxxxxx
3973: xxxxxxxx
3974: xxxxxxxx
3975: xxxxxxxx
3976: xxxxxxxx
3977: xxxxxxxx
3978: xxxxxxxx
3979: xxxxxxxx
3980: xxxxxxxx
3981: xxxxxxxx
3982: xxxxxxxx
3983: xxxxxxxx
3984: xxxxxxxx
3985: xxxxxxxx
3986: xxxxxxxx
3987: xxxxxxxx
3988: xxxxxxxx
3989: xxxxxxxx
3990: xxxxxxxx
3991: xxxxxxxx
3992: xxxxxxxx
3993: xxxxxxxx
3994: xxxxxxxx
3995: xxxxxxxx
3996: xxxxxxxx
3997: xxxxxxxx
3998: xxxxxxxx
3999: xxxxxxxx
4000: xxxxxxxx
4001: xxxxxxxx
4002: xxxxxxxx
4003: xxxxxxxx
4004: xxxxxxxx
4005: xxxxxxxx
4006: xxxxxxxx
4007: xxxxxxxx
4008: xxxxxxxx
4009: xxxxxxxx
4010: xxxxxxxx
4011: xxxxxxxx
4012: xxxxxxxx
4013: xxxxxxxx
4014: xxxxxxxx
4015: xxxxxxxx
4016: xxxxxxxx
4017: xxxxxxxx
4018: xxxxxxxx
4019: xxxxxxxx
4020: xxxxxxxx
4021: xxxxxxxx
4022: xxxxxxxx
4023: xxxxxxxx
4024: xxxxxxxx
4025: xxxxxxxx
4026: xxxxxxxx
4027: xxxxxxxx
4028: xxxxxxxx
4029: xxxxxxxx
4030: xxxxxxxx
4031: xxxxxxxx
4032: xxxxxxxx
4033: xxxxxxxx
4034: xxxxxxxx
4035: xxxxxxxx
4036: xxxxxxxx
4037: xxxxxxxx
4038: xxxxxxxx
4039: xxxxxxxx
4040: xxxxxxxx
4041: xxxxxxxx
4042: xxxxxxxx
4043: xxxxxxxx
4044: xxxxxxxx
4045: xxxxxxxx
4046: xxxxxxxx
4047: xxxxxxxx
4048: xxxxxxxx
4049: xxxxxxxx
4050: xxxxxxxx
4051: xxxxxxxx
4052: xxxxxxxx
4053: xxxxxxxx
4054: xxxxxxxx
4055: xxxxxxxx
4056: xxxxxxxx
4057: xxxxxxxx
4058: xxxxxxxx
4059: xxxxxxxx
4060: xxxxxxxx
4061: xxxxxxxx
4062: xxxxxxxx
4063: xxxxxxxx
4064: xxxxxxxx
4065: xxxxxxxx
4066: xxxxxxxx
4067: xxxxxxxx
4068: xxxxxxxx
4069: xxxxxxxx
4070: xxxxxxxx
4071: xxxxxxxx
4072: xxxxxxxx
4073: xxxxxxxx
4074: xxxxxxxx
4075: xxxxxxxx
4076: xxxxxxxx
4077: xxxxxxxx
4078: xxxxxxxx
4079: xxxxxxxx
4080: xxxxxxxx
4081: xxxxxxxx
4082: xxxxxxxx
4083: xxxxxxxx
4084: xxxxxxxx
4085: xxxxxxxx
4086: xxxxxxxx
4087: xxxxxxxx
4088: xxxxxxxx
4089: xxxxxxxx
4090: xxxxxxxx
4091: xxxxxxxx
4092: xxxxxxxx
4093: xxxxxxxx
4094: xxxxxxxx
4095: xxxxxxxx
4096: xxxxxxxx
4097: xxxxxxxx
4098: xxxxxxxx
4099: xxxxxxxx
4100: xxxxxxxx
4101: xxxxxxxx
4102: xxxxxxxx
4103: xxxxxxxx
4104: xxxxxxxx
4105: xxxxxxxx
4106: xxxxxxxx
4107: xxxxxxxx
4108: xxxxxxxx
4109: xxxxxxxx
4110: xxxxxxxx
4111: xxxxxxxx
4112: xxxxxxxx
4113: xxxxxxxx
4114: xxxxxxxx
4115: xxxxxxxx
4116: xxxxxxxx
4117: xxxxxxxx
4118: xxxxxxxx
4119: xxxxxxxx
4120: xxxxxxxx
4121: xxxxxxxx
4122: xxxxxxxx
4123: xxxxxxxx
4124: xxxxxxxx
4125: xxxxxxxx
4126: xxxxxxxx
4127: xxxxxxxx
4128: xxxxxxxx
4129: xxxxxxxx
4130: xxxxxxxx
4131: xxxxxxxx
4132: xxxxxxxx
4133: xxxxxxxx
4134: xxxxxxxx
4135: xxxxxxxx
4136: xxxxxxxx
4137: xxxxxxxx
4138: xxxxxxxx
4139: xxxxxxxx
4140: xxxxxxxx
4141: xxxxxxxx
4142: xxxxxxxx
4143: xxxxxxxx
4144: xxxxxxxx
4145: xxxxxxxx
4146: xxxxxxxx
4147: xxxxxxxx
4148: xxxxxxxx
4149: xxxxxxxx
4150: xxxxxxxx
4151: xxxxxxxx
4152: xxxxxxxx
4153: xxxxxxxx
4154: xxxxxxxx
4155: xxxxxxxx
4156: xxxxxxxx
4157: xxxxxxxx
4158: xxxxxxxx
4159: xxxxxxxx
4160: xxxxxxxx
4161: xxxxxxxx
4162: xxxxxxxx
4163: xxxxxxxx
4164: xxxxxxxx
4165: xxxxxxxx
4166: xxxxxxxx
4167: xxxxxxxx
4168: xxxxxxxx
4169: xxxxxxxx
4170: xxxxxxxx
4171: xxxxxxxx
4172: xxxxxxxx
4173: xxxxxxxx
4174: xxxxxxxx
4175: xxxxxxxx
4176: xxxxxxxx
4177: xxxxxxxx
4178: xxxxxxxx
4179: xxxxxxxx
4180: xxxxxxxx
4181: xxxxxxxx
4182: xxxxxxxx
4183: xxxxxxxx
4184: xxxxxxxx
4185: xxxxxxxx
4186: xxxxxxxx
4187: xxxxxxxx
4188: xxxxxxxx
4189: xxxxxxxx
4190: xxxxxxxx
4191: xxxxxxxx
4192: xxxxxxxx
4193: xxxxxxxx
4194: xxxxxxxx
4195: xxxxxxxx
4196: xxxxxxxx
4197: xxxxxxxx
4198: xxxxxxxx
4199: xxxxxxxx
4200: xxxxxxxx
4201: xxxxxxxx
4202: xxxxxxxx
4203: xxxxxxxx
4204: xxxxxxxx
4205: xxxxxxxx
4206: xxxxxxxx
4207: xxxxxxxx
4208: xxxxxxxx
4209: xxxxxxxx
4210: xxxxxxxx
4211: xxxxxxxx
4212: xxxxxxxx
4213: xxxxxxxx
4214: xxxxxxxx
4215: xxxxxxxx
4216: xxxxxxxx
4217: xxxxxxxx
4218: xxxxxxxx
4219: xxxxxxxx
4220: xxxxxxxx
4221: xxxxxxxx
4222: xxxxxxxx
4223: xxxxxxxx
4224: xxxxxxxx
4225: xxxxxxxx
4226: xxxxxxxx
4227: xxxxxxxx
4228: xxxxxxxx
4229: xxxxxxxx
4230: xxxxxxxx
4231: xxxxxxxx
4232: xxxxxxxx
4233: xxxxxxxx
4234: xxxxxxxx
4235: xxxxxxxx
4236: xxxxxxxx
4237: xxxxxxxx
4238: xxxxxxxx
4239: xxxxxxxx
4240: xxxxxxxx
4241: xxxxxxxx
4242: xxxxxxxx
4243: xxxxxxxx
4244: xxxxxxxx
4245: xxxxxxxx
4246: xxxxxxxx
4247: xxxxxxxx
4248: xxxxxxxx
4249: xxxxxxxx
4250: xxxxxxxx
4251: xxxxxxxx
4252: xxxxxxxx
4253: xxxxxxxx
4254: xxxxxxxx
4255: xxxxxxxx
4256: xxxxxxxx
4257: xxxxxxxx
4258: xxxxxxxx
4259: xxxxxxxx
4260: xxxxxxxx
4261: xxxxxxxx
4262: xxxxxxxx
4263: xxxxxxxx
4264: xxxxxxxx
4265: xxxxxxxx
4266: xxxxxxxx
4267: xxxxxxxx
4268: xxxxxxxx
4269: xxxxxxxx
4270: xxxxxxxx
4271: xxxxxxxx
4272: xxxxxxxx
4273: xxxxxxxx
4274: xxxxxxxx
4275: xxxxxxxx
4276: xxxxxxxx
4277: xxxxxxxx
4278: xxxxxxxx
4279: xxxxxxxx
4280: xxxxxxxx
4281: xxxxxxxx
4282: xxxxxxxx
4283: xxxxxxxx
4284: xxxxxxxx
4285: xxxxxxxx
4286: xxxxxxxx
4287: xxxxxxxx
4288: xxxxxxxx
4289: xxxxxxxx
4290: xxxxxxxx
4291: xxxxxxxx
4292: xxxxxxxx
4293: xxxxxxxx
4294: xxxxxxxx
4295: xxxxxxxx
4296: xxxxxxxx
4297: xxxxxxxx
4298: xxxxxxxx
4299: xxxxxxxx
4300: xxxxxxxx
4301: xxxxxxxx
4302: xxxxxxxx
4303: xxxxxxxx
4304: xxxxxxxx
4305: xxxxxxxx
4306: xxxxxxxx
4307: xxxxxxxx
4308: xxxxxxxx
4309: xxxxxxxx
4310: xxxxxxxx
4311: xxxxxxxx
4312: xxxxxxxx
4313: xxxxxxxx
4314: xxxxxxxx
4315: xxxxxxxx
4316: xxxxxxxx
4317: xxxxxxxx
4318: xxxxxxxx
4319: xxxxxxxx
4320: xxxxxxxx
4321: xxxxxxxx
4322: xxxxxxxx
4323: xxxxxxxx
4324: xxxxxxxx
4325: xxxxxxxx
4326: xxxxxxxx
4327: xxxxxxxx
4328: xxxxxxxx
4329: xxxxxxxx
4330: xxxxxxxx
4331: xxxxxxxx
4332: xxxxxxxx
4333: xxxxxxxx
4334: xxxxxxxx
4335: xxxxxxxx
4336: xxxxxxxx
4337: xxxxxxxx
4338: xxxxxxxx
4339: xxxxxxxx
4340: xxxxxxxx
4341: xxxxxxxx
4342: xxxxxxxx
4343: xxxxxxxx
4344: xxxxxxxx
4345: xxxxxxxx
4346: xxxxxxxx
4347: xxxxxxxx
4348: xxxxxxxx
4349: xxxxxxxx
4350: xxxxxxxx
4351: xxxxxxxx
4352: xxxxxxxx
4353: xxxxxxxx
4354: xxxxxxxx
4355: xxxxxxxx
4356: xxxxxxxx
4357: xxxxxxxx
4358: xxxxxxxx
4359: xxxxxxxx
4360: xxxxxxxx
4361: xxxxxxxx
4362: xxxxxxxx
4363: xxxxxxxx
4364: xxxxxxxx
4365: xxxxxxxx
4366: xxxxxxxx
4367: xxxxxxxx
4368: xxxxxxxx
4369: xxxxxxxx
4370: xxxxxxxx
4371: xxxxxxxx
4372: xxxxxxxx
4373: xxxxxxxx
4374: xxxxxxxx
4375: xxxxxxxx
4376: xxxxxxxx
4377: xxxxxxxx
4378: xxxxxxxx
4379: xxxxxxxx
4380: xxxxxxxx
4381: xxxxxxxx
4382: xxxxxxxx
4383: xxxxxxxx
4384: xxxxxxxx
4385: xxxxxxxx
4386: xxxxxxxx
4387: xxxxxxxx
4388: xxxxxxxx
4389: xxxxxxxx
4390: xxxxxxxx
4391: xxxxxxxx
4392: xxxxxxxx
4393: xxxxxxxx
4394: xxxxxxxx
4395: xxxxxxxx
4396: xxxxxxxx
4397: xxxxxxxx
4398: xxxxxxxx
4399: xxxxxxxx
4400: xxxxxxxx
4401: xxxxxxxx
4402: xxxxxxxx
4403: xxxxxxxx
4404: xxxxxxxx
4405: xxxxxxxx
4406: xxxxxxxx
4407: xxxxxxxx
4408: xxxxxxxx
4409: xxxxxxxx
4410: xxxxxxxx
4411: xxxxxxxx
4412: xxxxxxxx
4413: xxxxxxxx
4414: xxxxxxxx
4415: xxxxxxxx
4416: xxxxxxxx
4417: xxxxxxxx
4418: xxxxxxxx
4419: xxxxxxxx
4420: xxxxxxxx
4421: xxxxxxxx
4422: xxxxxxxx
4423: xxxxxxxx
4424: xxxxxxxx
4425: xxxxxxxx
4426: xxxxxxxx
4427: xxxxxxxx
4428: xxxxxxxx
4429: xxxxxxxx
4430: xxxxxxxx
4431: xxxxxxxx
4432: xxxxxxxx
4433: xxxxxxxx
4434: xxxxxxxx
4435: xxxxxxxx
4436: xxxxxxxx
4437: xxxxxxxx
4438: xxxxxxxx
4439: xxxxxxxx
4440: xxxxxxxx
4441: xxxxxxxx
4442: xxxxxxxx
4443: xxxxxxxx
4444: xxxxxxxx
4445: xxxxxxxx
4446: xxxxxxxx
4447: xxxxxxxx
4448: xxxxxxxx
4449: xxxxxxxx
4450: xxxxxxxx
4451: xxxxxxxx
4452: xxxxxxxx
4453: xxxxxxxx
4454: xxxxxxxx
4455: xxxxxxxx
4456: xxxxxxxx
4457: xxxxxxxx
4458: xxxxxxxx
4459: xxxxxxxx
4460: xxxxxxxx
4461: xxxxxxxx
4462: xxxxxxxx
4463: xxxxxxxx
4464: xxxxxxxx
4465: xxxxxxxx
4466: xxxxxxxx
4467: xxxxxxxx
4468: xxxxxxxx
4469: xxxxxxxx
4470: xxxxxxxx
4471: xxxxxxxx
4472: xxxxxxxx
4473: xxxxxxxx
4474: xxxxxxxx
4475: xxxxxxxx
4476: xxxxxxxx
4477: xxxxxxxx
4478: xxxxxxxx
4479: xxxxxxxx
4480: xxxxxxxx
4481: xxxxxxxx
4482: xxxxxxxx
4483: xxxxxxxx
4484: xxxxxxxx
4485: xxxxxxxx
4486: xxxxxxxx
4487: xxxxxxxx
4488: xxxxxxxx
4489: xxxxxxxx
4490: xxxxxxxx
4491: xxxxxxxx
4492: xxxxxxxx
4493: xxxxxxxx
4494: xxxxxxxx
4495: xxxxxxxx
4496: xxxxxxxx
4497: xxxxxxxx
4498: xxxxxxxx
4499: xxxxxxxx
4500: xxxxxxxx
4501: xxxxxxxx
4502: xxxxxxxx
4503: xxxxxxxx
4504: xxxxxxxx
4505: xxxxxxxx
4506: xxxxxxxx
4507: xxxxxxxx
4508: xxxxxxxx
4509: xxxxxxxx
4510: xxxxxxxx
4511: xxxxxxxx
4512: xxxxxxxx
4513: xxxxxxxx
4514: xxxxxxxx
4515: xxxxxxxx
4516: xxxxxxxx
4517: xxxxxxxx
4518: xxxxxxxx
4519: xxxxxxxx
4520: xxxxxxxx
4521: xxxxxxxx
4522: xxxxxxxx
4523: xxxxxxxx
4524: xxxxxxxx
4525: xxxxxxxx
4526: xxxxxxxx
4527: xxxxxxxx
4528: xxxxxxxx
4529: xxxxxxxx
4530: xxxxxxxx
4531: xxxxxxxx
4532: xxxxxxxx
4533: xxxxxxxx
4534: xxxxxxxx
4535: xxxxxxxx
4536: xxxxxxxx
4537: xxxxxxxx
4538: xxxxxxxx
4539: xxxxxxxx
4540: xxxxxxxx
4541: xxxxxxxx
4542: xxxxxxxx
4543: xxxxxxxx
4544: xxxxxxxx
4545: xxxxxxxx
4546: xxxxxxxx
4547: xxxxxxxx
4548: xxxxxxxx
4549: xxxxxxxx
4550: xxxxxxxx
4551: xxxxxxxx
4552: xxxxxxxx
4553: xxxxxxxx
4554: xxxxxxxx
4555: xxxxxxxx
4556: xxxxxxxx
4557: xxxxxxxx
4558: xxxxxxxx
4559: xxxxxxxx
4560: xxxxxxxx
4561: xxxxxxxx
4562: xxxxxxxx
4563: xxxxxxxx
4564: xxxxxxxx
4565: xxxxxxxx
4566: xxxxxxxx
4567: xxxxxxxx
4568: xxxxxxxx
4569: xxxxxxxx
4570: xxxxxxxx
4571: xxxxxxxx
4572: xxxxxxxx
4573: xxxxxxxx
4574: xxxxxxxx
4575: xxxxxxxx
4576: xxxxxxxx
4577: xxxxxxxx
4578: xxxxxxxx
4579: xxxxxxxx
4580: xxxxxxxx
4581: xxxxxxxx
4582: xxxxxxxx
4583: xxxxxxxx
4584: xxxxxxxx
4585: xxxxxxxx
4586: xxxxxxxx
4587: xxxxxxxx
4588: xxxxxxxx
4589: xxxxxxxx
4590: xxxxxxxx
4591: xxxxxxxx
4592: xxxxxxxx
4593: xxxxxxxx
4594: xxxxxxxx
4595: xxxxxxxx
4596: xxxxxxxx
4597: xxxxxxxx
4598: xxxxxxxx
4599: xxxxxxxx
4600: xxxxxxxx
4601: xxxxxxxx
4602: xxxxxxxx
4603: xxxxxxxx
4604: xxxxxxxx
4605: xxxxxxxx
4606: xxxxxxxx
4607: xxxxxxxx
4608: xxxxxxxx
4609: xxxxxxxx
4610: xxxxxxxx
4611: xxxxxxxx
4612: xxxxxxxx
4613: xxxxxxxx
4614: xxxxxxxx
4615: xxxxxxxx
4616: xxxxxxxx
4617: xxxxxxxx
4618: xxxxxxxx
4619: xxxxxxxx
4620: xxxxxxxx
4621: xxxxxxxx
4622: xxxxxxxx
4623: xxxxxxxx
4624: xxxxxxxx
4625: xxxxxxxx
4626: xxxxxxxx
4627: xxxxxxxx
4628: xxxxxxxx
4629: xxxxxxxx
4630: xxxxxxxx
4631: xxxxxxxx
4632: xxxxxxxx
4633: xxxxxxxx
4634: xxxxxxxx
4635: xxxxxxxx
4636: xxxxxxxx
4637: xxxxxxxx
4638: xxxxxxxx
4639: xxxxxxxx
4640: xxxxxxxx
4641: xxxxxxxx
4642: xxxxxxxx
4643: xxxxxxxx
4644: xxxxxxxx
4645: xxxxxxxx
4646: xxxxxxxx
4647: xxxxxxxx
4648: xxxxxxxx
4649: xxxxxxxx
4650: xxxxxxxx
4651: xxxxxxxx
4652: xxxxxxxx
4653: xxxxxxxx
4654: xxxxxxxx
4655: xxxxxxxx
4656: xxxxxxxx
4657: xxxxxxxx
4658: xxxxxxxx
4659: xxxxxxxx
4660: xxxxxxxx
4661: xxxxxxxx
4662: xxxxxxxx
4663: xxxxxxxx
4664: xxxxxxxx
4665: xxxxxxxx
4666: xxxxxxxx
4667: xxxxxxxx
4668: xxxxxxxx
4669: xxxxxxxx
4670: xxxxxxxx
4671: xxxxxxxx
4672: xxxxxxxx
4673: xxxxxxxx
4674: xxxxxxxx
4675: xxxxxxxx
4676: xxxxxxxx
4677: xxxxxxxx
4678: xxxxxxxx
4679: xxxxxxxx
4680: xxxxxxxx
4681: xxxxxxxx
4682: xxxxxxxx
4683: xxxxxxxx
4684: xxxxxxxx
4685: xxxxxxxx
4686: xxxxxxxx
4687: xxxxxxxx
4688: xxxxxxxx
4689: xxxxxxxx
4690: xxxxxxxx
4691: xxxxxxxx
4692: xxxxxxxx
4693: xxxxxxxx
4694: xxxxxxxx
4695: xxxxxxxx
4696: xxxxxxxx
4697: xxxxxxxx
4698: xxxxxxxx
4699: xxxxxxxx
4700: xxxxxxxx
4701: xxxxxxxx
4702: xxxxxxxx
4703: xxxxxxxx
4704: xxxxxxxx
4705: xxxxxxxx
4706: xxxxxxxx
4707: xxxxxxxx
4708: xxxxxxxx
4709: xxxxxxxx
4710: xxxxxxxx
4711: xxxxxxxx
4712: xxxxxxxx
4713: xxxxxxxx
4714: xxxxxxxx
4715: xxxxxxxx
4716: xxxxxxxx
4717: xxxxxxxx
4718: xxxxxxxx
4719: xxxxxxxx
4720: xxxxxxxx
4721: xxxxxxxx
4722: xxxxxxxx
4723: xxxxxxxx
4724: xxxxxxxx
4725: xxxxxxxx
4726: xxxxxxxx
4727: xxxxxxxx
4728: xxxxxxxx
4729: xxxxxxxx
4730: xxxxxxxx
4731: xxxxxxxx
4732: xxxxxxxx
4733: xxxxxxxx
4734: xxxxxxxx
4735: xxxxxxxx
4736: xxxxxxxx
4737: xxxxxxxx
4738: xxxxxxxx
4739: xxxxxxxx
4740: xxxxxxxx
4741: xxxxxxxx
4742: xxxxxxxx
4743: xxxxxxxx
4744: xxxxxxxx
4745: xxxxxxxx
4746: xxxxxxxx
4747: xxxxxxxx
4748: xxxxxxxx
4749: xxxxxxxx
4750: xxxxxxxx
4751: xxxxxxxx
4752: xxxxxxxx
4753: xxxxxxxx
4754: xxxxxxxx
4755: xxxxxxxx
4756: xxxxxxxx
4757: xxxxxxxx
4758: xxxxxxxx
4759: xxxxxxxx
4760: xxxxxxxx
4761: xxxxxxxx
4762: xxxxxxxx
4763: xxxxxxxx
4764: xxxxxxxx
4765: xxxxxxxx
4766: xxxxxxxx
4767: xxxxxxxx
4768: xxxxxxxx
4769: xxxxxxxx
4770: xxxxxxxx
4771: xxxxxxxx
4772: xxxxxxxx
4773: xxxxxxxx
4774: xxxxxxxx
4775: xxxxxxxx
4776: xxxxxxxx
4777: xxxxxxxx
4778: xxxxxxxx
4779: xxxxxxxx
4780: xxxxxxxx
4781: xxxxxxxx
4782: xxxxxxxx
4783: xxxxxxxx
4784: xxxxxxxx
4785: xxxxxxxx
4786: xxxxxxxx
4787: xxxxxxxx
4788: xxxxxxxx
4789: xxxxxxxx
4790: xxxxxxxx
4791: xxxxxxxx
4792: xxxxxxxx
4793: xxxxxxxx
4794: xxxxxxxx
4795: xxxxxxxx
4796: xxxxxxxx
4797: xxxxxxxx
4798: xxxxxxxx
4799: xxxxxxxx
4800: xxxxxxxx
4801: xxxxxxxx
4802: xxxxxxxx
4803: xxxxxxxx
4804: xxxxxxxx
4805: xxxxxxxx
4806: xxxxxxxx
4807: xxxxxxxx
4808: xxxxxxxx
4809: xxxxxxxx
4810: xxxxxxxx
4811: xxxxxxxx
4812: xxxxxxxx
4813: xxxxxxxx
4814: xxxxxxxx
4815: xxxxxxxx
4816: xxxxxxxx
4817: xxxxxxxx
4818: xxxxxxxx
4819: xxxxxxxx
4820: xxxxxxxx
4821: xxxxxxxx
4822: xxxxxxxx
4823: xxxxxxxx
4824: xxxxxxxx
4825: xxxxxxxx
4826: xxxxxxxx
4827: xxxxxxxx
4828: xxxxxxxx
4829: xxxxxxxx
4830: xxxxxxxx
4831: xxxxxxxx
4832: xxxxxxxx
4833: xxxxxxxx
4834: xxxxxxxx
4835: xxxxxxxx
4836: xxxxxxxx
4837: xxxxxxxx
4838: xxxxxxxx
4839: xxxxxxxx
4840: xxxxxxxx
4841: xxxxxxxx
4842: xxxxxxxx
4843: xxxxxxxx
4844: xxxxxxxx
4845: xxxxxxxx
4846: xxxxxxxx
4847: xxxxxxxx
4848: xxxxxxxx
4849: xxxxxxxx
4850: xxxxxxxx
4851: xxxxxxxx
4852: xxxxxxxx
4853: xxxxxxxx
4854: xxxxxxxx
4855: xxxxxxxx
4856: xxxxxxxx
4857: xxxxxxxx
4858: xxxxxxxx
4859: xxxxxxxx
4860: xxxxxxxx
4861: xxxxxxxx
4862: xxxxxxxx
4863: xxxxxxxx
4864: xxxxxxxx
4865: xxxxxxxx
4866: xxxxxxxx
4867: xxxxxxxx
4868: xxxxxxxx
4869: xxxxxxxx
4870: xxxxxxxx
4871: xxxxxxxx
4872: xxxxxxxx
4873: xxxxxxxx
4874: xxxxxxxx
4875: xxxxxxxx
4876: xxxxxxxx
4877: xxxxxxxx
4878: xxxxxxxx
4879: xxxxxxxx
4880: xxxxxxxx
4881: xxxxxxxx
4882: xxxxxxxx
4883: xxxxxxxx
4884: xxxxxxxx
4885: xxxxxxxx
4886: xxxxxxxx
4887: xxxxxxxx
4888: xxxxxxxx
4889: xxxxxxxx
4890: xxxxxxxx
4891: xxxxxxxx
4892: xxxxxxxx
4893: xxxxxxxx
4894: xxxxxxxx
4895: xxxxxxxx
4896: xxxxxxxx
4897: xxxxxxxx
4898: xxxxxxxx
4899: xxxxxxxx
4900: xxxxxxxx
4901: xxxxxxxx
4902: xxxxxxxx
4903: xxxxxxxx
4904: xxxxxxxx
4905: xxxxxxxx
4906: xxxxxxxx
4907: xxxxxxxx
4908: xxxxxxxx
4909: xxxxxxxx
4910: xxxxxxxx
4911: xxxxxxxx
4912: xxxxxxxx
4913: xxxxxxxx
4914: xxxxxxxx
4915: xxxxxxxx
4916: xxxxxxxx
4917: xxxxxxxx
4918: xxxxxxxx
4919: xxxxxxxx
4920: xxxxxxxx
4921: xxxxxxxx
4922: xxxxxxxx
4923: xxxxxxxx
4924: xxxxxxxx
4925: xxxxxxxx
4926: xxxxxxxx
4927: xxxxxxxx
4928: xxxxxxxx
4929: xxxxxxxx
4930: xxxxxxxx
4931: xxxxxxxx
4932: xxxxxxxx
4933: xxxxxxxx
4934: xxxxxxxx
4935: xxxxxxxx
4936: xxxxxxxx
4937: xxxxxxxx
4938: xxxxxxxx
4939: xxxxxxxx
4940: xxxxxxxx
4941: xxxxxxxx
4942: xxxxxxxx
4943: xxxxxxxx
4944: xxxxxxxx
4945: xxxxxxxx
4946: xxxxxxxx
4947: xxxxxxxx
4948: xxxxxxxx
4949: xxxxxxxx
4950: xxxxxxxx
4951: xxxxxxxx
4952: xxxxxxxx
4953: xxxxxxxx
4954: xxxxxxxx
4955: xxxxxxxx
4956: xxxxxxxx
4957: xxxxxxxx
4958: xxxxxxxx
4959: xxxxxxxx
4960: xxxxxxxx
4961: xxxxxxxx
4962: xxxxxxxx
4963: xxxxxxxx
4964: xxxxxxxx
4965: xxxxxxxx
4966: xxxxxxxx
4967: xxxxxxxx
4968: xxxxxxxx
4969: xxxxxxxx
4970: xxxxxxxx
4971: xxxxxxxx
4972: xxxxxxxx
4973: xxxxxxxx
4974: xxxxxxxx
4975: xxxxxxxx
4976: xxxxxxxx
4977: xxxxxxxx
4978: xxxxxxxx
4979: xxxxxxxx
4980: xxxxxxxx
4981: xxxxxxxx
4982: xxxxxxxx
4983: xxxxxxxx
4984: xxxxxxxx
4985: xxxxxxxx
4986: xxxxxxxx
4987: xxxxxxxx
4988: xxxxxxxx
4989: xxxxxxxx
4990: xxxxxxxx
4991: xxxxxxxx
4992: xxxxxxxx
4993: xxxxxxxx
4994: xxxxxxxx
4995: xxxxxxxx
4996: xxxxxxxx
4997: xxxxxxxx
4998: xxxxxxxx
4999: xxxxxxxx
5000: xxxxxxxx
5001: xxxxxxxx
5002: xxxxxxxx
5003: xxxxxxxx
5004: xxxxxxxx
5005: xxxxxxxx
5006: xxxxxxxx
5007: xxxxxxxx
5008: xxxxxxxx
5009: xxxxxxxx
5010: xxxxxxxx
5011: xxxxxxxx
5012: xxxxxxxx
5013: xxxxxxxx
5014: xxxxxxxx
5015: xxxxxxxx
5016: xxxxxxxx
5017: xxxxxxxx
5018: xxxxxxxx
5019: xxxxxxxx
5020: xxxxxxxx
5021: xxxxxxxx
5022: xxxxxxxx
5023: xxxxxxxx
5024: xxxxxxxx
5025: xxxxxxxx
5026: xxxxxxxx
5027: xxxxxxxx
5028: xxxxxxxx
5029: xxxxxxxx
5030: xxxxxxxx
5031: xxxxxxxx
5032: xxxxxxxx
5033: xxxxxxxx
5034: xxxxxxxx
5035: xxxxxxxx
5036: xxxxxxxx
5037: xxxxxxxx
5038: xxxxxxxx
5039: xxxxxxxx
5040: xxxxxxxx
5041: xxxxxxxx
5042: xxxxxxxx
5043: xxxxxxxx
5044: xxxxxxxx
5045: xxxxxxxx
5046: xxxxxxxx
5047: xxxxxxxx
5048: xxxxxxxx
5049: xxxxxxxx
5050: xxxxxxxx
5051: xxxxxxxx
5052: xxxxxxxx
5053: xxxxxxxx
5054: xxxxxxxx
5055: xxxxxxxx
5056: xxxxxxxx
5057: xxxxxxxx
5058: xxxxxxxx
5059: xxxxxxxx
5060: xxxxxxxx
5061: xxxxxxxx
5062: xxxxxxxx
5063: xxxxxxxx
5064: xxxxxxxx
5065: xxxxxxxx
5066: xxxxxxxx
5067: xxxxxxxx
5068: xxxxxxxx
5069: xxxxxxxx
5070: xxxxxxxx
5071: xxxxxxxx
5072: xxxxxxxx
5073: xxxxxxxx
5074: xxxxxxxx
5075: xxxxxxxx
5076: xxxxxxxx
5077: xxxxxxxx
5078: xxxxxxxx
5079: xxxxxxxx
5080: xxxxxxxx
5081: xxxxxxxx
5082: xxxxxxxx
5083: xxxxxxxx
5084: xxxxxxxx
5085: xxxxxxxx
5086: xxxxxxxx
5087: xxxxxxxx
5088: xxxxxxxx
5089: xxxxxxxx
5090: xxxxxxxx
5091: xxxxxxxx
5092: xxxxxxxx
5093: xxxxxxxx
5094: xxxxxxxx
5095: xxxxxxxx
5096: xxxxxxxx
5097: xxxxxxxx
5098: xxxxxxxx
5099: xxxxxxxx
5100: xxxxxxxx
5101: xxxxxxxx
5102: xxxxxxxx
5103: xxxxxxxx
5104: xxxxxxxx
5105: xxxxxxxx
5106: xxxxxxxx
5107: xxxxxxxx
5108: xxxxxxxx
5109: xxxxxxxx
5110: xxxxxxxx
5111: xxxxxxxx
5112: xxxxxxxx
5113: xxxxxxxx
5114: xxxxxxxx
5115: xxxxxxxx
5116: xxxxxxxx
5117: xxxxxxxx
5118: xxxxxxxx
5119: xxxxxxxx
5120: xxxxxxxx
5121: xxxxxxxx
5122: xxxxxxxx
5123: xxxxxxxx
5124: xxxxxxxx
5125: xxxxxxxx
5126: xxxxxxxx
5127: xxxxxxxx
5128: xxxxxxxx
5129: xxxxxxxx
5130: xxxxxxxx
5131: xxxxxxxx
5132: xxxxxxxx
5133: xxxxxxxx
5134: xxxxxxxx
5135: xxxxxxxx
5136: xxxxxxxx
5137: xxxxxxxx
5138: xxxxxxxx
5139: xxxxxxxx
5140: xxxxxxxx
5141: xxxxxxxx
5142: xxxxxxxx
5143: xxxxxxxx
5144: xxxxxxxx
5145: xxxxxxxx
5146: xxxxxxxx
5147: xxxxxxxx
5148: xxxxxxxx
5149: xxxxxxxx
5150: xxxxxxxx
5151: xxxxxxxx
5152: xxxxxxxx
5153: xxxxxxxx
5154: xxxxxxxx
5155: xxxxxxxx
5156: xxxxxxxx
5157: xxxxxxxx
5158: xxxxxxxx
5159: xxxxxxxx
5160: xxxxxxxx
5161: xxxxxxxx
5162: xxxxxxxx
5163: xxxxxxxx
5164: xxxxxxxx
5165: xxxxxxxx
5166: xxxxxxxx
5167: xxxxxxxx
5168: xxxxxxxx
5169: xxxxxxxx
5170: xxxxxxxx
5171: xxxxxxxx
5172: xxxxxxxx
5173: xxxxxxxx
5174: xxxxxxxx
5175: xxxxxxxx
5176: xxxxxxxx
5177: xxxxxxxx
5178: xxxxxxxx
5179: xxxxxxxx
5180: xxxxxxxx
5181: xxxxxxxx
5182: xxxxxxxx
5183: xxxxxxxx
5184: xxxxxxxx
5185: xxxxxxxx
5186: xxxxxxxx
5187: xxxxxxxx
5188: xxxxxxxx
5189: xxxxxxxx
5190: xxxxxxxx
5191: xxxxxxxx
5192: xxxxxxxx
5193: xxxxxxxx
5194: xxxxxxxx
5195: xxxxxxxx
5196: xxxxxxxx
5197: xxxxxxxx
5198: xxxxxxxx
5199: xxxxxxxx
5200: xxxxxxxx
5201: xxxxxxxx
5202: xxxxxxxx
5203: xxxxxxxx
5204: xxxxxxxx
5205: xxxxxxxx
5206: xxxxxxxx
5207: xxxxxxxx
5208: xxxxxxxx
5209: xxxxxxxx
5210: xxxxxxxx
5211: xxxxxxxx
5212: xxxxxxxx
5213: xxxxxxxx
5214: xxxxxxxx
5215: xxxxxxxx
5216: xxxxxxxx
5217: xxxxxxxx
5218: xxxxxxxx
5219: xxxxxxxx
5220: xxxxxxxx
5221: xxxxxxxx
5222: xxxxxxxx
5223: xxxxxxxx
5224: xxxxxxxx
5225: xxxxxxxx
5226: xxxxxxxx
5227: xxxxxxxx
5228: xxxxxxxx
5229: xxxxxxxx
5230: xxxxxxxx
5231: xxxxxxxx
5232: xxxxxxxx
5233: xxxxxxxx
5234: xxxxxxxx
5235: xxxxxxxx
5236: xxxxxxxx
5237: xxxxxxxx
5238: xxxxxxxx
5239: xxxxxxxx
5240: xxxxxxxx
5241: xxxxxxxx
5242: xxxxxxxx
5243: xxxxxxxx
5244: xxxxxxxx
5245: xxxxxxxx
5246: xxxxxxxx
5247: xxxxxxxx
5248: xxxxxxxx
5249: xxxxxxxx
5250: xxxxxxxx
5251: xxxxxxxx
5252: xxxxxxxx
5253: xxxxxxxx
5254: xxxxxxxx
5255: xxxxxxxx
5256: xxxxxxxx
5257: xxxxxxxx
5258: xxxxxxxx
5259: xxxxxxxx
5260: xxxxxxxx
5261: xxxxxxxx
5262: xxxxxxxx
5263: xxxxxxxx
5264: xxxxxxxx
5265: xxxxxxxx
5266: xxxxxxxx
5267: xxxxxxxx
5268: xxxxxxxx
5269: xxxxxxxx
5270: xxxxxxxx
5271: xxxxxxxx
5272: xxxxxxxx
5273: xxxxxxxx
5274: xxxxxxxx
5275: xxxxxxxx
5276: xxxxxxxx
5277: xxxxxxxx
5278: xxxxxxxx
5279: xxxxxxxx
5280: xxxxxxxx
5281: xxxxxxxx
5282: xxxxxxxx
5283: xxxxxxxx
5284: xxxxxxxx
5285: xxxxxxxx
5286: xxxxxxxx
5287: xxxxxxxx
5288: xxxxxxxx
5289: xxxxxxxx
5290: xxxxxxxx
5291: xxxxxxxx
5292: xxxxxxxx
5293: xxxxxxxx
5294: xxxxxxxx
5295: xxxxxxxx
5296: xxxxxxxx
5297: xxxxxxxx
5298: xxxxxxxx
5299: xxxxxxxx
5300: xxxxxxxx
5301: xxxxxxxx
5302: xxxxxxxx
5303: xxxxxxxx
5304: xxxxxxxx
5305: xxxxxxxx
5306: xxxxxxxx
5307: xxxxxxxx
5308: xxxxxxxx
5309: xxxxxxxx
5310: xxxxxxxx
5311: xxxxxxxx
5312: xxxxxxxx
5313: xxxxxxxx
5314: xxxxxxxx
5315: xxxxxxxx
5316: xxxxxxxx
5317: xxxxxxxx
5318: xxxxxxxx
5319: xxxxxxxx
5320: xxxxxxxx
5321: xxxxxxxx
5322: xxxxxxxx
5323: xxxxxxxx
5324: xxxxxxxx
5325: xxxxxxxx
5326: xxxxxxxx
5327: xxxxxxxx
5328: xxxxxxxx
5329: xxxxxxxx
5330: xxxxxxxx
5331: xxxxxxxx
5332: xxxxxxxx
5333: xxxxxxxx
5334: xxxxxxxx
5335: xxxxxxxx
5336: xxxxxxxx
5337: xxxxxxxx
5338: xxxxxxxx
5339: xxxxxxxx
5340: xxxxxxxx
5341: xxxxxxxx
5342: xxxxxxxx
5343: xxxxxxxx
5344: xxxxxxxx
5345: xxxxxxxx
5346: xxxxxxxx
5347: xxxxxxxx
5348: xxxxxxxx
5349: xxxxxxxx
5350: xxxxxxxx
5351: xxxxxxxx
5352: xxxxxxxx
5353: xxxxxxxx
5354: xxxxxxxx
5355: xxxxxxxx
5356: xxxxxxxx
5357: xxxxxxxx
5358: xxxxxxxx
5359: xxxxxxxx
5360: xxxxxxxx
5361: xxxxxxxx
5362: xxxxxxxx
5363: xxxxxxxx
5364: xxxxxxxx
5365: xxxxxxxx
5366: xxxxxxxx
5367: xxxxxxxx
5368: xxxxxxxx
5369: xxxxxxxx
5370: xxxxxxxx
5371: xxxxxxxx
5372: xxxxxxxx
5373: xxxxxxxx
5374: xxxxxxxx
5375: xxxxxxxx
5376: xxxxxxxx
5377: xxxxxxxx
5378: xxxxxxxx
5379: xxxxxxxx
5380: xxxxxxxx
5381: xxxxxxxx
5382: xxxxxxxx
5383: xxxxxxxx
5384: xxxxxxxx
5385: xxxxxxxx
5386: xxxxxxxx
5387: xxxxxxxx
5388: xxxxxxxx
5389: xxxxxxxx
5390: xxxxxxxx
5391: xxxxxxxx
5392: xxxxxxxx
5393: xxxxxxxx
5394: xxxxxxxx
5395: xxxxxxxx
5396: xxxxxxxx
5397: xxxxxxxx
5398: xxxxxxxx
5399: xxxxxxxx
5400: xxxxxxxx
5401: xxxxxxxx
5402: xxxxxxxx
5403: xxxxxxxx
5404: xxxxxxxx
5405: xxxxxxxx
5406: xxxxxxxx
5407: xxxxxxxx
5408: xxxxxxxx
5409: xxxxxxxx
5410: xxxxxxxx
5411: xxxxxxxx
5412: xxxxxxxx
5413: xxxxxxxx
5414: xxxxxxxx
5415: xxxxxxxx
5416: xxxxxxxx
5417: xxxxxxxx
5418: xxxxxxxx
5419: xxxxxxxx
5420: xxxxxxxx
5421: xxxxxxxx
5422: xxxxxxxx
5423: xxxxxxxx
5424: xxxxxxxx
5425: xxxxxxxx
5426: xxxxxxxx
5427: xxxxxxxx
5428: xxxxxxxx
5429: xxxxxxxx
5430: xxxxxxxx
5431: xxxxxxxx
5432: xxxxxxxx
5433: xxxxxxxx
5434: xxxxxxxx
5435: xxxxxxxx
5436: xxxxxxxx
5437: xxxxxxxx
5438: xxxxxxxx
5439: xxxxxxxx
5440: xxxxxxxx
5441: xxxxxxxx
5442: xxxxxxxx
5443: xxxxxxxx
5444: xxxxxxxx
5445: xxxxxxxx
5446: xxxxxxxx
5447: xxxxxxxx
5448: xxxxxxxx
5449: xxxxxxxx
5450: xxxxxxxx
5451: xxxxxxxx
5452: xxxxxxxx
5453: xxxxxxxx
5454: xxxxxxxx
5455: xxxxxxxx
5456: xxxxxxxx
5457: xxxxxxxx
5458: xxxxxxxx
5459: xxxxxxxx
5460: xxxxxxxx
5461: xxxxxxxx
5462: xxxxxxxx
5463: xxxxxxxx
5464: xxxxxxxx
5465: xxxxxxxx
5466: xxxxxxxx
5467: xxxxxxxx
5468: xxxxxxxx
5469: xxxxxxxx
5470: xxxxxxxx
5471: xxxxxxxx
5472: xxxxxxxx
5473: xxxxxxxx
5474: xxxxxxxx
5475: xxxxxxxx
5476: xxxxxxxx
5477: xxxxxxxx
5478: xxxxxxxx
5479: xxxxxxxx
5480: xxxxxxxx
5481: xxxxxxxx
5482: xxxxxxxx
5483: xxxxxxxx
5484: xxxxxxxx
5485: xxxxxxxx
5486: xxxxxxxx
5487: xxxxxxxx
5488: xxxxxxxx
5489: xxxxxxxx
5490: xxxxxxxx
5491: xxxxxxxx
5492: xxxxxxxx
5493: xxxxxxxx
5494: xxxxxxxx
5495: xxxxxxxx
5496: xxxxxxxx
5497: xxxxxxxx
5498: xxxxxxxx
5499: xxxxxxxx
5500: xxxxxxxx
5501: xxxxxxxx
5502: xxxxxxxx
5503: xxxxxxxx
5504: xxxxxxxx
5505: xxxxxxxx
5506: xxxxxxxx
5507: xxxxxxxx
5508: xxxxxxxx
5509: xxxxxxxx
5510: xxxxxxxx
5511: xxxxxxxx
5512: xxxxxxxx
5513: xxxxxxxx
5514: xxxxxxxx
5515: xxxxxxxx
5516: xxxxxxxx
5517: xxxxxxxx
5518: xxxxxxxx
5519: xxxxxxxx
5520: xxxxxxxx
5521: xxxxxxxx
5522: xxxxxxxx
5523: xxxxxxxx
5524: xxxxxxxx
5525: xxxxxxxx
5526: xxxxxxxx
5527: xxxxxxxx
5528: xxxxxxxx
5529: xxxxxxxx
5530: xxxxxxxx
5531: xxxxxxxx
5532: xxxxxxxx
5533: xxxxxxxx
5534: xxxxxxxx
5535: xxxxxxxx
5536: xxxxxxxx
5537: xxxxxxxx
5538: xxxxxxxx
5539: xxxxxxxx
5540: xxxxxxxx
5541: xxxxxxxx
5542: xxxxxxxx
5543: xxxxxxxx
5544: xxxxxxxx
5545: xxxxxxxx
5546: xxxxxxxx
5547: xxxxxxxx
5548: xxxxxxxx
5549: xxxxxxxx
5550: xxxxxxxx
5551: xxxxxxxx
5552: xxxxxxxx
5553: xxxxxxxx
5554: xxxxxxxx
5555: xxxxxxxx
5556: xxxxxxxx
5557: xxxxxxxx
5558: xxxxxxxx
5559: xxxxxxxx
5560: xxxxxxxx
5561: xxxxxxxx
5562: xxxxxxxx
5563: xxxxxxxx
5564: xxxxxxxx
5565: xxxxxxxx
5566: xxxxxxxx
5567: xxxxxxxx
5568: xxxxxxxx
5569: xxxxxxxx
5570: xxxxxxxx
5571: xxxxxxxx
5572: xxxxxxxx
5573: xxxxxxxx
5574: xxxxxxxx
5575: xxxxxxxx
5576: xxxxxxxx
5577: xxxxxxxx
5578: xxxxxxxx
5579: xxxxxxxx
5580: xxxxxxxx
5581: xxxxxxxx
5582: xxxxxxxx
5583: xxxxxxxx
5584: xxxxxxxx
5585: xxxxxxxx
5586: xxxxxxxx
5587: xxxxxxxx
5588: xxxxxxxx
5589: xxxxxxxx
5590: xxxxxxxx
5591: xxxxxxxx
5592: xxxxxxxx
5593: xxxxxxxx
5594: xxxxxxxx
5595: xxxxxxxx
5596: xxxxxxxx
5597: xxxxxxxx
5598: xxxxxxxx
5599: xxxxxxxx
5600: xxxxxxxx
5601: xxxxxxxx
5602: xxxxxxxx
5603: xxxxxxxx
5604: xxxxxxxx
5605: xxxxxxxx
5606: xxxxxxxx
5607: xxxxxxxx
5608: xxxxxxxx
5609: xxxxxxxx
5610: xxxxxxxx
5611: xxxxxxxx
5612: xxxxxxxx
5613: xxxxxxxx
5614: xxxxxxxx
5615: xxxxxxxx
5616: xxxxxxxx
5617: xxxxxxxx
5618: xxxxxxxx
5619: xxxxxxxx
5620: xxxxxxxx
5621: xxxxxxxx
5622: xxxxxxxx
5623: xxxxxxxx
5624: xxxxxxxx
5625: xxxxxxxx
5626: xxxxxxxx
5627: xxxxxxxx
5628: xxxxxxxx
5629: xxxxxxxx
5630: xxxxxxxx
5631: xxxxxxxx
5632: xxxxxxxx
5633: xxxxxxxx
5634: xxxxxxxx
5635: xxxxxxxx
5636: xxxxxxxx
5637: xxxxxxxx
5638: xxxxxxxx
5639: xxxxxxxx
5640: xxxxxxxx
5641: xxxxxxxx
5642: xxxxxxxx
5643: xxxxxxxx
5644: xxxxxxxx
5645: xxxxxxxx
5646: xxxxxxxx
5647: xxxxxxxx
5648: xxxxxxxx
5649: xxxxxxxx
5650: xxxxxxxx
5651: xxxxxxxx
5652: xxxxxxxx
5653: xxxxxxxx
5654: xxxxxxxx
5655: xxxxxxxx
5656: xxxxxxxx
5657: xxxxxxxx
5658: xxxxxxxx
5659: xxxxxxxx
5660: xxxxxxxx
5661: xxxxxxxx
5662: xxxxxxxx
5663: xxxxxxxx
5664: xxxxxxxx
5665: xxxxxxxx
5666: xxxxxxxx
5667: xxxxxxxx
5668: xxxxxxxx
5669: xxxxxxxx
5670: xxxxxxxx
5671: xxxxxxxx
5672: xxxxxxxx
5673: xxxxxxxx
5674: xxxxxxxx
5675: xxxxxxxx
5676: xxxxxxxx
5677: xxxxxxxx
5678: xxxxxxxx
5679: xxxxxxxx
5680: xxxxxxxx
5681: xxxxxxxx
5682: xxxxxxxx
5683: xxxxxxxx
5684: xxxxxxxx
5685: xxxxxxxx
5686: xxxxxxxx
5687: xxxxxxxx
5688: xxxxxxxx
5689: xxxxxxxx
5690: xxxxxxxx
5691: xxxxxxxx
5692: xxxxxxxx
5693: xxxxxxxx
5694: xxxxxxxx
5695: xxxxxxxx
5696: xxxxxxxx
5697: xxxxxxxx
5698: xxxxxxxx
5699: xxxxxxxx
5700: xxxxxxxx
5701: xxxxxxxx
5702: xxxxxxxx
5703: xxxxxxxx
5704: xxxxxxxx
5705: xxxxxxxx
5706: xxxxxxxx
5707: xxxxxxxx
5708: xxxxxxxx
5709: xxxxxxxx
5710: xxxxxxxx
5711: xxxxxxxx
5712: xxxxxxxx
5713: xxxxxxxx
5714: xxxxxxxx
5715: xxxxxxxx
5716: xxxxxxxx
5717: xxxxxxxx
5718: xxxxxxxx
5719: xxxxxxxx
5720: xxxxxxxx
5721: xxxxxxxx
5722: xxxxxxxx
5723: xxxxxxxx
5724: xxxxxxxx
5725: xxxxxxxx
5726: xxxxxxxx
5727: xxxxxxxx
5728: xxxxxxxx
5729: xxxxxxxx
5730: xxxxxxxx
5731: xxxxxxxx
5732: xxxxxxxx
5733: xxxxxxxx
5734: xxxxxxxx
5735: xxxxxxxx
5736: xxxxxxxx
5737: xxxxxxxx
5738: xxxxxxxx
5739: xxxxxxxx
5740: xxxxxxxx
5741: xxxxxxxx
5742: xxxxxxxx
5743: xxxxxxxx
5744: xxxxxxxx
5745: xxxxxxxx
5746: xxxxxxxx
5747: xxxxxxxx
5748: xxxxxxxx
5749: xxxxxxxx
5750: xxxxxxxx
5751: xxxxxxxx
5752: xxxxxxxx
5753: xxxxxxxx
5754: xxxxxxxx
5755: xxxxxxxx
5756: xxxxxxxx
5757: xxxxxxxx
5758: xxxxxxxx
5759: xxxxxxxx
5760: xxxxxxxx
5761: xxxxxxxx
5762: xxxxxxxx
5763: xxxxxxxx
5764: xxxxxxxx
5765: xxxxxxxx
5766: xxxxxxxx
5767: xxxxxxxx
5768: xxxxxxxx
5769: xxxxxxxx
5770: xxxxxxxx
5771: xxxxxxxx
5772: xxxxxxxx
5773: xxxxxxxx
5774: xxxxxxxx
5775: xxxxxxxx
5776: xxxxxxxx
5777: xxxxxxxx
5778: xxxxxxxx
5779: xxxxxxxx
5780: xxxxxxxx
5781: xxxxxxxx
5782: xxxxxxxx
5783: xxxxxxxx
5784: xxxxxxxx
5785: xxxxxxxx
5786: xxxxxxxx
5787: xxxxxxxx
5788: xxxxxxxx
5789: xxxxxxxx
5790: xxxxxxxx
5791: xxxxxxxx
5792: xxxxxxxx
5793: xxxxxxxx
5794: xxxxxxxx
5795: xxxxxxxx
5796: xxxxxxxx
5797: xxxxxxxx
5798: xxxxxxxx
5799: xxxxxxxx
5800: xxxxxxxx
5801: xxxxxxxx
5802: xxxxxxxx
5803: xxxxxxxx
5804: xxxxxxxx
5805: xxxxxxxx
5806: xxxxxxxx
5807: xxxxxxxx
5808: xxxxxxxx
5809: xxxxxxxx
5810: xxxxxxxx
5811: xxxxxxxx
5812: xxxxxxxx
5813: xxxxxxxx
5814: xxxxxxxx
5815: xxxxxxxx
5816: xxxxxxxx
5817: xxxxxxxx
5818: xxxxxxxx
5819: xxxxxxxx
5820: xxxxxxxx
5821: xxxxxxxx
5822: xxxxxxxx
5823: xxxxxxxx
5824: xxxxxxxx
5825: xxxxxxxx
5826: xxxxxxxx
5827: xxxxxxxx
5828: xxxxxxxx
5829: xxxxxxxx
5830: xxxxxxxx
5831: xxxxxxxx
5832: xxxxxxxx
5833: xxxxxxxx
5834: xxxxxxxx
5835: xxxxxxxx
5836: xxxxxxxx
5837: xxxxxxxx
5838: xxxxxxxx
5839: xxxxxxxx
5840: xxxxxxxx
5841: xxxxxxxx
5842: xxxxxxxx
5843: xxxxxxxx
5844: xxxxxxxx
5845: xxxxxxxx
5846: xxxxxxxx
5847: xxxxxxxx
5848: xxxxxxxx
5849: xxxxxxxx
5850: xxxxxxxx
5851: xxxxxxxx
5852: xxxxxxxx
5853: xxxxxxxx
5854: xxxxxxxx
5855: xxxxxxxx
5856: xxxxxxxx
5857: xxxxxxxx
5858: xxxxxxxx
5859: xxxxxxxx
5860: xxxxxxxx
5861: xxxxxxxx
5862: xxxxxxxx
5863: xxxxxxxx
5864: xxxxxxxx
5865: xxxxxxxx
5866: xxxxxxxx
5867: xxxxxxxx
5868: xxxxxxxx
5869: xxxxxxxx
5870: xxxxxxxx
5871: xxxxxxxx
5872: xxxxxxxx
5873: xxxxxxxx
5874: xxxxxxxx
5875: xxxxxxxx
5876: xxxxxxxx
5877: xxxxxxxx
5878: xxxxxxxx
5879: xxxxxxxx
5880: xxxxxxxx
5881: xxxxxxxx
5882: xxxxxxxx
5883: xxxxxxxx
5884: xxxxxxxx
5885: xxxxxxxx
5886: xxxxxxxx
5887: xxxxxxxx
5888: xxxxxxxx
5889: xxxxxxxx
5890: xxxxxxxx
5891: xxxxxxxx
5892: xxxxxxxx
5893: xxxxxxxx
5894: xxxxxxxx
5895: xxxxxxxx
5896: xxxxxxxx
5897: xxxxxxxx
5898: xxxxxxxx
5899: xxxxxxxx
5900: xxxxxxxx
5901: xxxxxxxx
5902: xxxxxxxx
5903: xxxxxxxx
5904: xxxxxxxx
5905: xxxxxxxx
5906: xxxxxxxx
5907: xxxxxxxx
5908: xxxxxxxx
5909: xxxxxxxx
5910: xxxxxxxx
5911: xxxxxxxx
5912: xxxxxxxx
5913: xxxxxxxx
5914: xxxxxxxx
5915: xxxxxxxx
5916: xxxxxxxx
5917: xxxxxxxx
5918: xxxxxxxx
5919: xxxxxxxx
5920: xxxxxxxx
5921: xxxxxxxx
5922: xxxxxxxx
5923: xxxxxxxx
5924: xxxxxxxx
5925: xxxxxxxx
5926: xxxxxxxx
5927: xxxxxxxx
5928: xxxxxxxx
5929: xxxxxxxx
5930: xxxxxxxx
5931: xxxxxxxx
5932: xxxxxxxx
5933: xxxxxxxx
5934: xxxxxxxx
5935: xxxxxxxx
5936: xxxxxxxx
5937: xxxxxxxx
5938: xxxxxxxx
5939: xxxxxxxx
5940: xxxxxxxx
5941: xxxxxxxx
5942: xxxxxxxx
5943: xxxxxxxx
5944: xxxxxxxx
5945: xxxxxxxx
5946: xxxxxxxx
5947: xxxxxxxx
5948: xxxxxxxx
5949: xxxxxxxx
5950: xxxxxxxx
5951: xxxxxxxx
5952: xxxxxxxx
5953: xxxxxxxx
5954: xxxxxxxx
5955: xxxxxxxx
5956: xxxxxxxx
5957: xxxxxxxx
5958: xxxxxxxx
5959: xxxxxxxx
5960: xxxxxxxx
5961: xxxxxxxx
5962: xxxxxxxx
5963: xxxxxxxx
5964: xxxxxxxx
5965: xxxxxxxx
5966: xxxxxxxx
5967: xxxxxxxx
5968: xxxxxxxx
5969: xxxxxxxx
5970: xxxxxxxx
5971: xxxxxxxx
5972: xxxxxxxx
5973: xxxxxxxx
5974: xxxxxxxx
5975: xxxxxxxx
5976: xxxxxxxx
5977: xxxxxxxx
5978: xxxxxxxx
5979: xxxxxxxx
5980: xxxxxxxx
5981: xxxxxxxx
5982: xxxxxxxx
5983: xxxxxxxx
5984: xxxxxxxx
5985: xxxxxxxx
5986: xxxxxxxx
5987: xxxxxxxx
5988: xxxxxxxx
5989: xxxxxxxx
5990: xxxxxxxx
5991: xxxxxxxx
5992: xxxxxxxx
5993: xxxxxxxx
5994: xxxxxxxx
5995: xxxxxxxx
5996: xxxxxxxx
5997: xxxxxxxx
5998: xxxxxxxx
5999: xxxxxxxx
6000: xxxxxxxx
6001: xxxxxxxx
6002: xxxxxxxx
6003: xxxxxxxx
6004: xxxxxxxx
6005: xxxxxxxx
6006: xxxxxxxx
6007: xxxxxxxx
6008: xxxxxxxx
6009: xxxxxxxx
6010: xxxxxxxx
6011: xxxxxxxx
6012: xxxxxxxx
6013: xxxxxxxx
6014: xxxxxxxx
6015: xxxxxxxx
6016: xxxxxxxx
6017: xxxxxxxx
6018: xxxxxxxx
6019: xxxxxxxx
6020: xxxxxxxx
6021: xxxxxxxx
6022: xxxxxxxx
6023: xxxxxxxx
6024: xxxxxxxx
6025: xxxxxxxx
6026: xxxxxxxx
6027: xxxxxxxx
6028: xxxxxxxx
6029: xxxxxxxx
6030: xxxxxxxx
6031: xxxxxxxx
6032: xxxxxxxx
6033: xxxxxxxx
6034: xxxxxxxx
6035: xxxxxxxx
6036: xxxxxxxx
6037: xxxxxxxx
6038: xxxxxxxx
6039: xxxxxxxx
6040: xxxxxxxx
6041: xxxxxxxx
6042: xxxxxxxx
6043: xxxxxxxx
6044: xxxxxxxx
6045: xxxxxxxx
6046: xxxxxxxx
6047: xxxxxxxx
6048: xxxxxxxx
6049: xxxxxxxx
6050: xxxxxxxx
6051: xxxxxxxx
6052: xxxxxxxx
6053: xxxxxxxx
6054: xxxxxxxx
6055: xxxxxxxx
6056: xxxxxxxx
6057: xxxxxxxx
6058: xxxxxxxx
6059: xxxxxxxx
6060: xxxxxxxx
6061: xxxxxxxx
6062: xxxxxxxx
6063: xxxxxxxx
6064: xxxxxxxx
6065: xxxxxxxx
6066: xxxxxxxx
6067: xxxxxxxx
6068: xxxxxxxx
6069: xxxxxxxx
6070: xxxxxxxx
6071: xxxxxxxx
6072: xxxxxxxx
6073: xxxxxxxx
6074: xxxxxxxx
6075: xxxxxxxx
6076: xxxxxxxx
6077: xxxxxxxx
6078: xxxxxxxx
6079: xxxxxxxx
6080: xxxxxxxx
6081: xxxxxxxx
6082: xxxxxxxx
6083: xxxxxxxx
6084: xxxxxxxx
6085: xxxxxxxx
6086: xxxxxxxx
6087: xxxxxxxx
6088: xxxxxxxx
6089: xxxxxxxx
6090: xxxxxxxx
6091: xxxxxxxx
6092: xxxxxxxx
6093: xxxxxxxx
6094: xxxxxxxx
6095: xxxxxxxx
6096: xxxxxxxx
6097: xxxxxxxx
6098: xxxxxxxx
6099: xxxxxxxx
6100: xxxxxxxx
6101: xxxxxxxx
6102: xxxxxxxx
6103: xxxxxxxx
6104: xxxxxxxx
6105: xxxxxxxx
6106: xxxxxxxx
6107: xxxxxxxx
6108: xxxxxxxx
6109: xxxxxxxx
6110: xxxxxxxx
6111: xxxxxxxx
6112: xxxxxxxx
6113: xxxxxxxx
6114: xxxxxxxx
6115: xxxxxxxx
6116: xxxxxxxx
6117: xxxxxxxx
6118: xxxxxxxx
6119: xxxxxxxx
6120: xxxxxxxx
6121: xxxxxxxx
6122: xxxxxxxx
6123: xxxxxxxx
6124: xxxxxxxx
6125: xxxxxxxx
6126: xxxxxxxx
6127: xxxxxxxx
6128: xxxxxxxx
6129: xxxxxxxx
6130: xxxxxxxx
6131: xxxxxxxx
6132: xxxxxxxx
6133: xxxxxxxx
6134: xxxxxxxx
6135: xxxxxxxx
6136: xxxxxxxx
6137: xxxxxxxx
6138: xxxxxxxx
6139: xxxxxxxx
6140: xxxxxxxx
6141: xxxxxxxx
6142: xxxxxxxx
6143: xxxxxxxx
6144: xxxxxxxx
6145: xxxxxxxx
6146: xxxxxxxx
6147: xxxxxxxx
6148: xxxxxxxx
6149: xxxxxxxx
6150: xxxxxxxx
6151: xxxxxxxx
6152: xxxxxxxx
6153: xxxxxxxx
6154: xxxxxxxx
6155: xxxxxxxx
6156: xxxxxxxx
6157: xxxxxxxx
6158: xxxxxxxx
6159: xxxxxxxx
6160: xxxxxxxx
6161: xxxxxxxx
6162: xxxxxxxx
6163: xxxxxxxx
6164: xxxxxxxx
6165: xxxxxxxx
6166: xxxxxxxx
6167: xxxxxxxx
6168: xxxxxxxx
6169: xxxxxxxx
6170: xxxxxxxx
6171: xxxxxxxx
6172: xxxxxxxx
6173: xxxxxxxx
6174: xxxxxxxx
6175: xxxxxxxx
6176: xxxxxxxx
6177: xxxxxxxx
6178: xxxxxxxx
6179: xxxxxxxx
6180: xxxxxxxx
6181: xxxxxxxx
6182: xxxxxxxx
6183: xxxxxxxx
6184: xxxxxxxx
6185: xxxxxxxx
6186: xxxxxxxx
6187: xxxxxxxx
6188: xxxxxxxx
6189: xxxxxxxx
6190: xxxxxxxx
6191: xxxxxxxx
6192: xxxxxxxx
6193: xxxxxxxx
6194: xxxxxxxx
6195: xxxxxxxx
6196: xxxxxxxx
6197: xxxxxxxx
6198: xxxxxxxx
6199: xxxxxxxx
6200: xxxxxxxx
6201: xxxxxxxx
6202: xxxxxxxx
6203: xxxxxxxx
6204: xxxxxxxx
6205: xxxxxxxx
6206: xxxxxxxx
6207: xxxxxxxx
6208: xxxxxxxx
6209: xxxxxxxx
6210: xxxxxxxx
6211: xxxxxxxx
6212: xxxxxxxx
6213: xxxxxxxx
6214: xxxxxxxx
6215: xxxxxxxx
6216: xxxxxxxx
6217: xxxxxxxx
6218: xxxxxxxx
6219: xxxxxxxx
6220: xxxxxxxx
6221: xxxxxxxx
6222: xxxxxxxx
6223: xxxxxxxx
6224: xxxxxxxx
6225: xxxxxxxx
6226: xxxxxxxx
6227: xxxxxxxx
6228: xxxxxxxx
6229: xxxxxxxx
6230: xxxxxxxx
6231: xxxxxxxx
6232: xxxxxxxx
6233: xxxxxxxx
6234: xxxxxxxx
6235: xxxxxxxx
6236: xxxxxxxx
6237: xxxxxxxx
6238: xxxxxxxx
6239: xxxxxxxx
6240: xxxxxxxx
6241: xxxxxxxx
6242: xxxxxxxx
6243: xxxxxxxx
6244: xxxxxxxx
6245: xxxxxxxx
6246: xxxxxxxx
6247: xxxxxxxx
6248: xxxxxxxx
6249: xxxxxxxx
6250: xxxxxxxx
6251: xxxxxxxx
6252: xxxxxxxx
6253: xxxxxxxx
6254: xxxxxxxx
6255: xxxxxxxx
6256: xxxxxxxx
6257: xxxxxxxx
6258: xxxxxxxx
6259: xxxxxxxx
6260: xxxxxxxx
6261: xxxxxxxx
6262: xxxxxxxx
6263: xxxxxxxx
6264: xxxxxxxx
6265: xxxxxxxx
6266: xxxxxxxx
6267: xxxxxxxx
6268: xxxxxxxx
6269: xxxxxxxx
6270: xxxxxxxx
6271: xxxxxxxx
6272: xxxxxxxx
6273: xxxxxxxx
6274: xxxxxxxx
6275: xxxxxxxx
6276: xxxxxxxx
6277: xxxxxxxx
6278: xxxxxxxx
6279: xxxxxxxx
6280: xxxxxxxx
6281: xxxxxxxx
6282: xxxxxxxx
6283: xxxxxxxx
6284: xxxxxxxx
6285: xxxxxxxx
6286: xxxxxxxx
6287: xxxxxxxx
6288: xxxxxxxx
6289: xxxxxxxx
6290: xxxxxxxx
6291: xxxxxxxx
6292: xxxxxxxx
6293: xxxxxxxx
6294: xxxxxxxx
6295: xxxxxxxx
6296: xxxxxxxx
6297: xxxxxxxx
6298: xxxxxxxx
6299: xxxxxxxx
6300: xxxxxxxx
6301: xxxxxxxx
6302: xxxxxxxx
6303: xxxxxxxx
6304: xxxxxxxx
6305: xxxxxxxx
6306: xxxxxxxx
6307: xxxxxxxx
6308: xxxxxxxx
6309: xxxxxxxx
6310: xxxxxxxx
6311: xxxxxxxx
6312: xxxxxxxx
6313: xxxxxxxx
6314: xxxxxxxx
6315: xxxxxxxx
6316: xxxxxxxx
6317: xxxxxxxx
6318: xxxxxxxx
6319: xxxxxxxx
6320: xxxxxxxx
6321: xxxxxxxx
6322: xxxxxxxx
6323: xxxxxxxx
6324: xxxxxxxx
6325: xxxxxxxx
6326: xxxxxxxx
6327: xxxxxxxx
6328: xxxxxxxx
6329: xxxxxxxx
6330: xxxxxxxx
6331: xxxxxxxx
6332: xxxxxxxx
6333: xxxxxxxx
6334: xxxxxxxx
6335: xxxxxxxx
6336: xxxxxxxx
6337: xxxxxxxx
6338: xxxxxxxx
6339: xxxxxxxx
6340: xxxxxxxx
6341: xxxxxxxx
6342: xxxxxxxx
6343: xxxxxxxx
6344: xxxxxxxx
6345: xxxxxxxx
6346: xxxxxxxx
6347: xxxxxxxx
6348: xxxxxxxx
6349: xxxxxxxx
6350: xxxxxxxx
6351: xxxxxxxx
6352: xxxxxxxx
6353: xxxxxxxx
6354: xxxxxxxx
6355: xxxxxxxx
6356: xxxxxxxx
6357: xxxxxxxx
6358: xxxxxxxx
6359: xxxxxxxx
6360: xxxxxxxx
6361: xxxxxxxx
6362: xxxxxxxx
6363: xxxxxxxx
6364: xxxxxxxx
6365: xxxxxxxx
6366: xxxxxxxx
6367: xxxxxxxx
6368: xxxxxxxx
6369: xxxxxxxx
6370: xxxxxxxx
6371: xxxxxxxx
6372: xxxxxxxx
6373: xxxxxxxx
6374: xxxxxxxx
6375: xxxxxxxx
6376: xxxxxxxx
6377: xxxxxxxx
6378: xxxxxxxx
6379: xxxxxxxx
6380: xxxxxxxx
6381: xxxxxxxx
6382: xxxxxxxx
6383: xxxxxxxx
6384: xxxxxxxx
6385: xxxxxxxx
6386: xxxxxxxx
6387: xxxxxxxx
6388: xxxxxxxx
6389: xxxxxxxx
6390: xxxxxxxx
6391: xxxxxxxx
6392: xxxxxxxx
6393: xxxxxxxx
6394: xxxxxxxx
6395: xxxxxxxx
6396: xxxxxxxx
6397: xxxxxxxx
6398: xxxxxxxx
6399: xxxxxxxx
6400: xxxxxxxx
6401: xxxxxxxx
6402: xxxxxxxx
6403: xxxxxxxx
6404: xxxxxxxx
6405: xxxxxxxx
6406: xxxxxxxx
6407: xxxxxxxx
6408: xxxxxxxx
6409: xxxxxxxx
6410: xxxxxxxx
6411: xxxxxxxx
6412: xxxxxxxx
6413: xxxxxxxx
6414: xxxxxxxx
6415: xxxxxxxx
6416: xxxxxxxx
6417: xxxxxxxx
6418: xxxxxxxx
6419: xxxxxxxx
6420: xxxxxxxx
6421: xxxxxxxx
6422: xxxxxxxx
6423: xxxxxxxx
6424: xxxxxxxx
6425: xxxxxxxx
6426: xxxxxxxx
6427: xxxxxxxx
6428: xxxxxxxx
6429: xxxxxxxx
6430: xxxxxxxx
6431: xxxxxxxx
6432: xxxxxxxx
6433: xxxxxxxx
6434: xxxxxxxx
6435: xxxxxxxx
6436: xxxxxxxx
6437: xxxxxxxx
6438: xxxxxxxx
6439: xxxxxxxx
6440: xxxxxxxx
6441: xxxxxxxx
6442: xxxxxxxx
6443: xxxxxxxx
6444: xxxxxxxx
6445: xxxxxxxx
6446: xxxxxxxx
6447: xxxxxxxx
6448: xxxxxxxx
6449: xxxxxxxx
6450: xxxxxxxx
6451: xxxxxxxx
6452: xxxxxxxx
6453: xxxxxxxx
6454: xxxxxxxx
6455: xxxxxxxx
6456: xxxxxxxx
6457: xxxxxxxx
6458: xxxxxxxx
6459: xxxxxxxx
6460: xxxxxxxx
6461: xxxxxxxx
6462: xxxxxxxx
6463: xxxxxxxx
6464: xxxxxxxx
6465: xxxxxxxx
6466: xxxxxxxx
6467: xxxxxxxx
6468: xxxxxxxx
6469: xxxxxxxx
6470: xxxxxxxx
6471: xxxxxxxx
6472: xxxxxxxx
6473: xxxxxxxx
6474: xxxxxxxx
6475: xxxxxxxx
6476: xxxxxxxx
6477: xxxxxxxx
6478: xxxxxxxx
6479: xxxxxxxx
6480: xxxxxxxx
6481: xxxxxxxx
6482: xxxxxxxx
6483: xxxxxxxx
6484: xxxxxxxx
6485: xxxxxxxx
6486: xxxxxxxx
6487: xxxxxxxx
6488: xxxxxxxx
6489: xxxxxxxx
6490: xxxxxxxx
6491: xxxxxxxx
6492: xxxxxxxx
6493: xxxxxxxx
6494: xxxxxxxx
6495: xxxxxxxx
6496: xxxxxxxx
6497: xxxxxxxx
6498: xxxxxxxx
6499: xxxxxxxx
6500: xxxxxxxx
6501: xxxxxxxx
6502: xxxxxxxx
6503: xxxxxxxx
6504: xxxxxxxx
6505: xxxxxxxx
6506: xxxxxxxx
6507: xxxxxxxx
6508: xxxxxxxx
6509: xxxxxxxx
6510: xxxxxxxx
6511: xxxxxxxx
6512: xxxxxxxx
6513: xxxxxxxx
6514: xxxxxxxx
6515: xxxxxxxx
6516: xxxxxxxx
6517: xxxxxxxx
6518: xxxxxxxx
6519: xxxxxxxx
6520: xxxxxxxx
6521: xxxxxxxx
6522: xxxxxxxx
6523: xxxxxxxx
6524: xxxxxxxx
6525: xxxxxxxx
6526: xxxxxxxx
6527: xxxxxxxx
6528: xxxxxxxx
6529: xxxxxxxx
6530: xxxxxxxx
6531: xxxxxxxx
6532: xxxxxxxx
6533: xxxxxxxx
6534: xxxxxxxx
6535: xxxxxxxx
6536: xxxxxxxx
6537: xxxxxxxx
6538: xxxxxxxx
6539: xxxxxxxx
6540: xxxxxxxx
6541: xxxxxxxx
6542: xxxxxxxx
6543: xxxxxxxx
6544: xxxxxxxx
6545: xxxxxxxx
6546: xxxxxxxx
6547: xxxxxxxx
6548: xxxxxxxx
6549: xxxxxxxx
6550: xxxxxxxx
6551: xxxxxxxx
6552: xxxxxxxx
6553: xxxxxxxx
6554: xxxxxxxx
6555: xxxxxxxx
6556: xxxxxxxx
6557: xxxxxxxx
6558: xxxxxxxx
6559: xxxxxxxx
6560: xxxxxxxx
6561: xxxxxxxx
6562: xxxxxxxx
6563: xxxxxxxx
6564: xxxxxxxx
6565: xxxxxxxx
6566: xxxxxxxx
6567: xxxxxxxx
6568: xxxxxxxx
6569: xxxxxxxx
6570: xxxxxxxx
6571: xxxxxxxx
6572: xxxxxxxx
6573: xxxxxxxx
6574: xxxxxxxx
6575: xxxxxxxx
6576: xxxxxxxx
6577: xxxxxxxx
6578: xxxxxxxx
6579: xxxxxxxx
6580: xxxxxxxx
6581: xxxxxxxx
6582: xxxxxxxx
6583: xxxxxxxx
6584: xxxxxxxx
6585: xxxxxxxx
6586: xxxxxxxx
6587: xxxxxxxx
6588: xxxxxxxx
6589: xxxxxxxx
6590: xxxxxxxx
6591: xxxxxxxx
6592: xxxxxxxx
6593: xxxxxxxx
6594: xxxxxxxx
6595: xxxxxxxx
6596: xxxxxxxx
6597: xxxxxxxx
6598: xxxxxxxx
6599: xxxxxxxx
